>> Writing PID to thin.4567.pid
>> Changing process privilege to eastmad:eastmad
WARNING: Nokogiri was built against LibXML version 2.7.7, but has dynamically loaded 2.7.8
>> Thin web server (v1.2.7 codename No Hup)
>> Maximum connections set to 1024
>> Listening on 127.0.0.1:4567, CTRL+C to stop
127.0.0.1 - - [22/May/2011 18:05:24] "GET / HTTP/1.1" 200 14 0.0044
127.0.0.1 - - [22/May/2011 18:05:30] "GET /developers HTTP/1.1" 200 657 0.0118
127.0.0.1 - - [22/May/2011 18:05:32] "GET /developers/george.sibley HTTP/1.1" 200 348 0.0821
127.0.0.1 - - [23/May/2011 12:48:46] "GET / HTTP/1.1" 200 14 0.4802
127.0.0.1 - - [23/May/2011 12:48:54] "GET / HTTP/1.1" 200 14 0.0872
>> Writing PID to thin.4567.pid
>> Changing process privilege to eastmad:eastmad
WARNING: Nokogiri was built against LibXML version 2.7.7, but has dynamically loaded 2.7.8
>> Thin web server (v1.2.7 codename No Hup)
>> Maximum connections set to 1024
>> Listening on 127.0.0.1:4567, CTRL+C to stop
127.0.0.1 - - [23/May/2011 14:03:48] "GET / HTTP/1.1" 200 14 0.0027
127.0.0.1 - - [23/May/2011 14:03:51] "GET /developers HTTP/1.1" 200 657 0.0573
127.0.0.1 - - [23/May/2011 14:03:53] "GET /developers/george.sibley HTTP/1.1" 200 348 0.0812
127.0.0.1 - - [23/May/2011 14:03:57] "GET /developers HTTP/1.1" 200 657 0.0018
127.0.0.1 - - [23/May/2011 14:04:02] "GET /developers/david.eastman HTTP/1.1" 200 352 0.0799
>> Writing PID to thin.4567.pid
>> Changing process privilege to eastmad:eastmad
>> Exiting!
rackup.ru:11:in `require_relative': cannot infer basepath (LoadError)
	from rackup.ru:11:in `block in <main>'
	from /home/eastmad/.rvm/gems/ruby-1.9.2-p180/gems/rack-1.2.1/lib/rack/builder.rb:46:in `instance_eval'
	from /home/eastmad/.rvm/gems/ruby-1.9.2-p180/gems/rack-1.2.1/lib/rack/builder.rb:46:in `initialize'
	from rackup.ru:1:in `new'
	from rackup.ru:1:in `<main>'
	from /home/eastmad/.rvm/gems/ruby-1.9.2-p180/gems/thin-1.2.7/lib/rack/adapter/loader.rb:36:in `eval'
	from /home/eastmad/.rvm/gems/ruby-1.9.2-p180/gems/thin-1.2.7/lib/rack/adapter/loader.rb:36:in `load'
	from /home/eastmad/.rvm/gems/ruby-1.9.2-p180/gems/thin-1.2.7/lib/thin/controllers/controller.rb:175:in `load_rackup_config'
	from /home/eastmad/.rvm/gems/ruby-1.9.2-p180/gems/thin-1.2.7/lib/thin/controllers/controller.rb:65:in `start'
	from /home/eastmad/.rvm/gems/ruby-1.9.2-p180/gems/thin-1.2.7/lib/thin/runner.rb:177:in `run_command'
	from /home/eastmad/.rvm/gems/ruby-1.9.2-p180/gems/thin-1.2.7/lib/thin/runner.rb:143:in `run!'
	from /home/eastmad/.rvm/gems/ruby-1.9.2-p180/gems/thin-1.2.7/bin/thin:6:in `<top (required)>'
	from /home/eastmad/.rvm/gems/ruby-1.9.2-p180/bin/thin:19:in `load'
	from /home/eastmad/.rvm/gems/ruby-1.9.2-p180/bin/thin:19:in `<main>'
>> Writing PID to thin.4567.pid
>> Changing process privilege to eastmad:eastmad
>> Exiting!
rackup.ru:11:in `require_relative': cannot infer basepath (LoadError)
	from rackup.ru:11:in `block in <main>'
	from /home/eastmad/.rvm/gems/ruby-1.9.2-p180/gems/rack-1.2.1/lib/rack/builder.rb:46:in `instance_eval'
	from /home/eastmad/.rvm/gems/ruby-1.9.2-p180/gems/rack-1.2.1/lib/rack/builder.rb:46:in `initialize'
	from rackup.ru:1:in `new'
	from rackup.ru:1:in `<main>'
	from /home/eastmad/.rvm/gems/ruby-1.9.2-p180/gems/thin-1.2.7/lib/rack/adapter/loader.rb:36:in `eval'
	from /home/eastmad/.rvm/gems/ruby-1.9.2-p180/gems/thin-1.2.7/lib/rack/adapter/loader.rb:36:in `load'
	from /home/eastmad/.rvm/gems/ruby-1.9.2-p180/gems/thin-1.2.7/lib/thin/controllers/controller.rb:175:in `load_rackup_config'
	from /home/eastmad/.rvm/gems/ruby-1.9.2-p180/gems/thin-1.2.7/lib/thin/controllers/controller.rb:65:in `start'
	from /home/eastmad/.rvm/gems/ruby-1.9.2-p180/gems/thin-1.2.7/lib/thin/runner.rb:177:in `run_command'
	from /home/eastmad/.rvm/gems/ruby-1.9.2-p180/gems/thin-1.2.7/lib/thin/runner.rb:143:in `run!'
	from /home/eastmad/.rvm/gems/ruby-1.9.2-p180/gems/thin-1.2.7/bin/thin:6:in `<top (required)>'
	from /home/eastmad/.rvm/gems/ruby-1.9.2-p180/bin/thin:19:in `load'
	from /home/eastmad/.rvm/gems/ruby-1.9.2-p180/bin/thin:19:in `<main>'
>> Writing PID to thin.4567.pid
>> Changing process privilege to eastmad:eastmad
>> Exiting!
rackup.ru:11:in `require_relative': cannot infer basepath (LoadError)
	from rackup.ru:11:in `block in <main>'
	from /home/eastmad/.rvm/gems/ruby-1.9.2-p180/gems/rack-1.2.1/lib/rack/builder.rb:46:in `instance_eval'
	from /home/eastmad/.rvm/gems/ruby-1.9.2-p180/gems/rack-1.2.1/lib/rack/builder.rb:46:in `initialize'
	from rackup.ru:1:in `new'
	from rackup.ru:1:in `<main>'
	from /home/eastmad/.rvm/gems/ruby-1.9.2-p180/gems/thin-1.2.7/lib/rack/adapter/loader.rb:36:in `eval'
	from /home/eastmad/.rvm/gems/ruby-1.9.2-p180/gems/thin-1.2.7/lib/rack/adapter/loader.rb:36:in `load'
	from /home/eastmad/.rvm/gems/ruby-1.9.2-p180/gems/thin-1.2.7/lib/thin/controllers/controller.rb:175:in `load_rackup_config'
	from /home/eastmad/.rvm/gems/ruby-1.9.2-p180/gems/thin-1.2.7/lib/thin/controllers/controller.rb:65:in `start'
	from /home/eastmad/.rvm/gems/ruby-1.9.2-p180/gems/thin-1.2.7/lib/thin/runner.rb:177:in `run_command'
	from /home/eastmad/.rvm/gems/ruby-1.9.2-p180/gems/thin-1.2.7/lib/thin/runner.rb:143:in `run!'
	from /home/eastmad/.rvm/gems/ruby-1.9.2-p180/gems/thin-1.2.7/bin/thin:6:in `<top (required)>'
	from /home/eastmad/.rvm/gems/ruby-1.9.2-p180/bin/thin:19:in `load'
	from /home/eastmad/.rvm/gems/ruby-1.9.2-p180/bin/thin:19:in `<main>'
>> Writing PID to thin.4567.pid
>> Changing process privilege to eastmad:eastmad
>> Exiting!
rackup.ru:11:in `require': no such file to load -- svnstats.rb (LoadError)
	from rackup.ru:11:in `block in <main>'
	from /home/eastmad/.rvm/gems/ruby-1.9.2-p180/gems/rack-1.2.1/lib/rack/builder.rb:46:in `instance_eval'
	from /home/eastmad/.rvm/gems/ruby-1.9.2-p180/gems/rack-1.2.1/lib/rack/builder.rb:46:in `initialize'
	from rackup.ru:1:in `new'
	from rackup.ru:1:in `<main>'
	from /home/eastmad/.rvm/gems/ruby-1.9.2-p180/gems/thin-1.2.7/lib/rack/adapter/loader.rb:36:in `eval'
	from /home/eastmad/.rvm/gems/ruby-1.9.2-p180/gems/thin-1.2.7/lib/rack/adapter/loader.rb:36:in `load'
	from /home/eastmad/.rvm/gems/ruby-1.9.2-p180/gems/thin-1.2.7/lib/thin/controllers/controller.rb:175:in `load_rackup_config'
	from /home/eastmad/.rvm/gems/ruby-1.9.2-p180/gems/thin-1.2.7/lib/thin/controllers/controller.rb:65:in `start'
	from /home/eastmad/.rvm/gems/ruby-1.9.2-p180/gems/thin-1.2.7/lib/thin/runner.rb:177:in `run_command'
	from /home/eastmad/.rvm/gems/ruby-1.9.2-p180/gems/thin-1.2.7/lib/thin/runner.rb:143:in `run!'
	from /home/eastmad/.rvm/gems/ruby-1.9.2-p180/gems/thin-1.2.7/bin/thin:6:in `<top (required)>'
	from /home/eastmad/.rvm/gems/ruby-1.9.2-p180/bin/thin:19:in `load'
	from /home/eastmad/.rvm/gems/ruby-1.9.2-p180/bin/thin:19:in `<main>'
>> Writing PID to thin.4567.pid
>> Changing process privilege to eastmad:eastmad
>> Exiting!
rackup.ru:11:in `require': no such file to load -- svnstats (LoadError)
	from rackup.ru:11:in `block in <main>'
	from /home/eastmad/.rvm/gems/ruby-1.9.2-p180/gems/rack-1.2.1/lib/rack/builder.rb:46:in `instance_eval'
	from /home/eastmad/.rvm/gems/ruby-1.9.2-p180/gems/rack-1.2.1/lib/rack/builder.rb:46:in `initialize'
	from rackup.ru:1:in `new'
	from rackup.ru:1:in `<main>'
	from /home/eastmad/.rvm/gems/ruby-1.9.2-p180/gems/thin-1.2.7/lib/rack/adapter/loader.rb:36:in `eval'
	from /home/eastmad/.rvm/gems/ruby-1.9.2-p180/gems/thin-1.2.7/lib/rack/adapter/loader.rb:36:in `load'
	from /home/eastmad/.rvm/gems/ruby-1.9.2-p180/gems/thin-1.2.7/lib/thin/controllers/controller.rb:175:in `load_rackup_config'
	from /home/eastmad/.rvm/gems/ruby-1.9.2-p180/gems/thin-1.2.7/lib/thin/controllers/controller.rb:65:in `start'
	from /home/eastmad/.rvm/gems/ruby-1.9.2-p180/gems/thin-1.2.7/lib/thin/runner.rb:177:in `run_command'
	from /home/eastmad/.rvm/gems/ruby-1.9.2-p180/gems/thin-1.2.7/lib/thin/runner.rb:143:in `run!'
	from /home/eastmad/.rvm/gems/ruby-1.9.2-p180/gems/thin-1.2.7/bin/thin:6:in `<top (required)>'
	from /home/eastmad/.rvm/gems/ruby-1.9.2-p180/bin/thin:19:in `load'
	from /home/eastmad/.rvm/gems/ruby-1.9.2-p180/bin/thin:19:in `<main>'
>> Writing PID to thin.4567.pid
>> Changing process privilege to eastmad:eastmad
>> Exiting!
rackup.ru:11:in `require': no such file to load -- svnstats (LoadError)
	from rackup.ru:11:in `block in <main>'
	from /home/eastmad/.rvm/gems/ruby-1.9.2-p180/gems/rack-1.2.1/lib/rack/builder.rb:46:in `instance_eval'
	from /home/eastmad/.rvm/gems/ruby-1.9.2-p180/gems/rack-1.2.1/lib/rack/builder.rb:46:in `initialize'
	from rackup.ru:1:in `new'
	from rackup.ru:1:in `<main>'
	from /home/eastmad/.rvm/gems/ruby-1.9.2-p180/gems/thin-1.2.7/lib/rack/adapter/loader.rb:36:in `eval'
	from /home/eastmad/.rvm/gems/ruby-1.9.2-p180/gems/thin-1.2.7/lib/rack/adapter/loader.rb:36:in `load'
	from /home/eastmad/.rvm/gems/ruby-1.9.2-p180/gems/thin-1.2.7/lib/thin/controllers/controller.rb:175:in `load_rackup_config'
	from /home/eastmad/.rvm/gems/ruby-1.9.2-p180/gems/thin-1.2.7/lib/thin/controllers/controller.rb:65:in `start'
	from /home/eastmad/.rvm/gems/ruby-1.9.2-p180/gems/thin-1.2.7/lib/thin/runner.rb:177:in `run_command'
	from /home/eastmad/.rvm/gems/ruby-1.9.2-p180/gems/thin-1.2.7/lib/thin/runner.rb:143:in `run!'
	from /home/eastmad/.rvm/gems/ruby-1.9.2-p180/gems/thin-1.2.7/bin/thin:6:in `<top (required)>'
	from /home/eastmad/.rvm/gems/ruby-1.9.2-p180/bin/thin:19:in `load'
	from /home/eastmad/.rvm/gems/ruby-1.9.2-p180/bin/thin:19:in `<main>'
>> Writing PID to thin.4567.pid
>> Changing process privilege to eastmad:eastmad
>> Thin web server (v1.2.7 codename No Hup)
>> Maximum connections set to 1024
>> Listening on 127.0.0.1:4567, CTRL+C to stop
127.0.0.1 - - [13/Aug/2011 21:52:17] "GET / HTTP/1.1" 200 14 0.0031
127.0.0.1 - - [13/Aug/2011 21:52:22] "GET /developers HTTP/1.1" 200 119 0.1254
127.0.0.1 - - [13/Aug/2011 21:53:17] "GET /developers HTTP/1.1" 200 119 0.0013
Errno::ENOENT - No such file or directory - userdata/user_name@bt.com.html:
 /home/eastmad/swissarmyknife/six/lib/helpers/developers_helper.rb:19:in `initialize'
 /home/eastmad/swissarmyknife/six/lib/helpers/developers_helper.rb:19:in `open'
 /home/eastmad/swissarmyknife/six/lib/helpers/developers_helper.rb:19:in `find_developer_stats'
 /home/eastmad/swissarmyknife/six/views/developer.rhtml:2:in `evaluate_source'
 /home/eastmad/.rvm/gems/ruby-1.9.2-p180/gems/tilt-1.3/lib/tilt/template.rb:209:in `instance_eval'
 /home/eastmad/.rvm/gems/ruby-1.9.2-p180/gems/tilt-1.3/lib/tilt/template.rb:209:in `evaluate_source'
 /home/eastmad/.rvm/gems/ruby-1.9.2-p180/gems/tilt-1.3/lib/tilt/template.rb:144:in `cached_evaluate'
 /home/eastmad/.rvm/gems/ruby-1.9.2-p180/gems/tilt-1.3/lib/tilt/template.rb:127:in `evaluate'
 /home/eastmad/.rvm/gems/ruby-1.9.2-p180/gems/tilt-1.3/lib/tilt/template.rb:76:in `render'
 /home/eastmad/.rvm/gems/ruby-1.9.2-p180/gems/sinatra-1.2.6/lib/sinatra/base.rb:563:in `render'
 /home/eastmad/.rvm/gems/ruby-1.9.2-p180/gems/sinatra-1.2.6/lib/sinatra/base.rb:455:in `erb'
 /home/eastmad/swissarmyknife/six/svnstats.rb:36:in `block in <top (required)>'
 /home/eastmad/.rvm/gems/ruby-1.9.2-p180/gems/sinatra-1.2.6/lib/sinatra/base.rb:1152:in `call'
 /home/eastmad/.rvm/gems/ruby-1.9.2-p180/gems/sinatra-1.2.6/lib/sinatra/base.rb:1152:in `block in compile!'
 /home/eastmad/.rvm/gems/ruby-1.9.2-p180/gems/sinatra-1.2.6/lib/sinatra/base.rb:724:in `instance_eval'
 /home/eastmad/.rvm/gems/ruby-1.9.2-p180/gems/sinatra-1.2.6/lib/sinatra/base.rb:724:in `route_eval'
 /home/eastmad/.rvm/gems/ruby-1.9.2-p180/gems/sinatra-1.2.6/lib/sinatra/base.rb:708:in `block (2 levels) in route!'
 /home/eastmad/.rvm/gems/ruby-1.9.2-p180/gems/sinatra-1.2.6/lib/sinatra/base.rb:758:in `block in process_route'
 /home/eastmad/.rvm/gems/ruby-1.9.2-p180/gems/sinatra-1.2.6/lib/sinatra/base.rb:755:in `catch'
 /home/eastmad/.rvm/gems/ruby-1.9.2-p180/gems/sinatra-1.2.6/lib/sinatra/base.rb:755:in `process_route'
 /home/eastmad/.rvm/gems/ruby-1.9.2-p180/gems/sinatra-1.2.6/lib/sinatra/base.rb:707:in `block in route!'
 /home/eastmad/.rvm/gems/ruby-1.9.2-p180/gems/sinatra-1.2.6/lib/sinatra/base.rb:706:in `each'
 /home/eastmad/.rvm/gems/ruby-1.9.2-p180/gems/sinatra-1.2.6/lib/sinatra/base.rb:706:in `route!'
 /home/eastmad/.rvm/gems/ruby-1.9.2-p180/gems/sinatra-1.2.6/lib/sinatra/base.rb:843:in `dispatch!'
 /home/eastmad/.rvm/gems/ruby-1.9.2-p180/gems/sinatra-1.2.6/lib/sinatra/base.rb:644:in `block in call!'
 /home/eastmad/.rvm/gems/ruby-1.9.2-p180/gems/sinatra-1.2.6/lib/sinatra/base.rb:808:in `instance_eval'
 /home/eastmad/.rvm/gems/ruby-1.9.2-p180/gems/sinatra-1.2.6/lib/sinatra/base.rb:808:in `block in invoke'
 /home/eastmad/.rvm/gems/ruby-1.9.2-p180/gems/sinatra-1.2.6/lib/sinatra/base.rb:808:in `catch'
 /home/eastmad/.rvm/gems/ruby-1.9.2-p180/gems/sinatra-1.2.6/lib/sinatra/base.rb:808:in `invoke'
 /home/eastmad/.rvm/gems/ruby-1.9.2-p180/gems/sinatra-1.2.6/lib/sinatra/base.rb:644:in `call!'
 /home/eastmad/.rvm/gems/ruby-1.9.2-p180/gems/sinatra-1.2.6/lib/sinatra/base.rb:629:in `call'
 /home/eastmad/.rvm/gems/ruby-1.9.2-p180/gems/rack-1.2.1/lib/rack/head.rb:9:in `call'
 /home/eastmad/.rvm/gems/ruby-1.9.2-p180/gems/rack-1.2.1/lib/rack/commonlogger.rb:18:in `call'
 /home/eastmad/.rvm/gems/ruby-1.9.2-p180/gems/rack-1.2.1/lib/rack/methodoverride.rb:24:in `call'
 /home/eastmad/.rvm/gems/ruby-1.9.2-p180/gems/sinatra-1.2.6/lib/sinatra/base.rb:1272:in `block in call'
 /home/eastmad/.rvm/gems/ruby-1.9.2-p180/gems/sinatra-1.2.6/lib/sinatra/base.rb:1303:in `synchronize'
 /home/eastmad/.rvm/gems/ruby-1.9.2-p180/gems/sinatra-1.2.6/lib/sinatra/base.rb:1272:in `call'
 /home/eastmad/.rvm/gems/ruby-1.9.2-p180/gems/thin-1.2.7/lib/thin/connection.rb:76:in `block in pre_process'
 /home/eastmad/.rvm/gems/ruby-1.9.2-p180/gems/thin-1.2.7/lib/thin/connection.rb:74:in `catch'
 /home/eastmad/.rvm/gems/ruby-1.9.2-p180/gems/thin-1.2.7/lib/thin/connection.rb:74:in `pre_process'
 /home/eastmad/.rvm/gems/ruby-1.9.2-p180/gems/thin-1.2.7/lib/thin/connection.rb:57:in `process'
 /home/eastmad/.rvm/gems/ruby-1.9.2-p180/gems/thin-1.2.7/lib/thin/connection.rb:42:in `receive_data'
 /home/eastmad/.rvm/gems/ruby-1.9.2-p180/gems/eventmachine-0.12.10/lib/eventmachine.rb:256:in `run_machine'
 /home/eastmad/.rvm/gems/ruby-1.9.2-p180/gems/eventmachine-0.12.10/lib/eventmachine.rb:256:in `run'
 /home/eastmad/.rvm/gems/ruby-1.9.2-p180/gems/thin-1.2.7/lib/thin/backends/base.rb:57:in `start'
 /home/eastmad/.rvm/gems/ruby-1.9.2-p180/gems/thin-1.2.7/lib/thin/server.rb:156:in `start'
 /home/eastmad/.rvm/gems/ruby-1.9.2-p180/gems/thin-1.2.7/lib/thin/controllers/controller.rb:80:in `start'
 /home/eastmad/.rvm/gems/ruby-1.9.2-p180/gems/thin-1.2.7/lib/thin/runner.rb:177:in `run_command'
 /home/eastmad/.rvm/gems/ruby-1.9.2-p180/gems/thin-1.2.7/lib/thin/runner.rb:143:in `run!'
 /home/eastmad/.rvm/gems/ruby-1.9.2-p180/gems/thin-1.2.7/bin/thin:6:in `<top (required)>'
 /home/eastmad/.rvm/gems/ruby-1.9.2-p180/bin/thin:19:in `load'
 /home/eastmad/.rvm/gems/ruby-1.9.2-p180/bin/thin:19:in `<main>'
127.0.0.1 - - [13/Aug/2011 21:53:26] "GET /developers/name HTTP/1.1" 500 30 0.0536
127.0.0.1 - - [13/Aug/2011 21:53:34] "GET /developers HTTP/1.1" 200 119 0.0009
>> Writing PID to thin.4567.pid
>> Changing process privilege to eastmad:eastmad
>> Thin web server (v1.2.7 codename No Hup)
>> Maximum connections set to 1024
>> Listening on 127.0.0.1:4567, CTRL+C to stop
127.0.0.1 - - [13/Aug/2011 22:05:03] "GET / HTTP/1.1" 200 14 0.0121
127.0.0.1 - - [13/Aug/2011 22:05:07] "GET /developers HTTP/1.1" 200 119 0.0286
>> Writing PID to thin.4567.pid
>> Changing process privilege to eastmad:eastmad
>> Thin web server (v1.2.7 codename No Hup)
>> Maximum connections set to 1024
>> Listening on 127.0.0.1:4567, CTRL+C to stop
127.0.0.1 - - [13/Aug/2011 22:06:53] "GET /developers HTTP/1.1" 200 657 0.0059
127.0.0.1 - - [13/Aug/2011 22:06:55] "GET /developers/bill.chapman HTTP/1.1" 200 356 0.1458
127.0.0.1 - - [13/Aug/2011 22:07:02] "GET /developers/priyesh.shah HTTP/1.1" 200 349 0.0041
127.0.0.1 - - [13/Aug/2011 22:07:07] "GET /developers/martin.aylett HTTP/1.1" 200 360 0.0066
127.0.0.1 - - [13/Aug/2011 22:07:18] "GET /developers/david.eastman HTTP/1.1" 200 357 0.0606
127.0.0.1 - - [13/Aug/2011 22:07:23] "GET /developers HTTP/1.1" 200 657 0.0014
127.0.0.1 - - [13/Aug/2011 22:07:46] "GET /developers/priyesh.shah HTTP/1.1" 200 349 0.0041
>> Writing PID to thin.4567.pid
>> Changing process privilege to eastmad:eastmad
>> Thin web server (v1.2.7 codename No Hup)
>> Maximum connections set to 1024
>> Listening on 127.0.0.1:4567, CTRL+C to stop
127.0.0.1 - - [14/Aug/2011 02:12:03] "GET / HTTP/1.1" 200 14 0.0301
127.0.0.1 - - [14/Aug/2011 02:12:03] "GET /favicon.ico HTTP/1.1" 404 18 0.0006
