>> Writing PID to thin.4567.pid
>> Changing process privilege to eastmad:eastmad
>> Thin web server (v1.2.7 codename No Hup)
>> Maximum connections set to 1024
>> Listening on 127.0.0.1:4567, CTRL+C to stop
127.0.0.1 - - [22/May/2011 17:39:16] "GET / HTTP/1.1" 200 15 0.0023
127.0.0.1 - - [22/May/2011 17:39:24] "GET /developers HTTP/1.1" 404 18 0.0008
Errno::ENOENT - No such file or directory - /home/eastmad/swissarmyknife/four/userdata/user_david@bt.com.html:
 /home/eastmad/swissarmyknife/four/svnstats.rb:17:in `read'
 /home/eastmad/swissarmyknife/four/svnstats.rb:17:in `block in <top (required)>'
 /home/eastmad/.rvm/gems/ruby-1.9.1-p378/gems/sinatra-1.2.6/lib/sinatra/base.rb:1152:in `call'
 /home/eastmad/.rvm/gems/ruby-1.9.1-p378/gems/sinatra-1.2.6/lib/sinatra/base.rb:1152:in `block in compile!'
 /home/eastmad/.rvm/gems/ruby-1.9.1-p378/gems/sinatra-1.2.6/lib/sinatra/base.rb:724:in `instance_eval'
 /home/eastmad/.rvm/gems/ruby-1.9.1-p378/gems/sinatra-1.2.6/lib/sinatra/base.rb:724:in `route_eval'
 /home/eastmad/.rvm/gems/ruby-1.9.1-p378/gems/sinatra-1.2.6/lib/sinatra/base.rb:708:in `block (2 levels) in route!'
 /home/eastmad/.rvm/gems/ruby-1.9.1-p378/gems/sinatra-1.2.6/lib/sinatra/base.rb:758:in `block in process_route'
 /home/eastmad/.rvm/gems/ruby-1.9.1-p378/gems/sinatra-1.2.6/lib/sinatra/base.rb:755:in `catch'
 /home/eastmad/.rvm/gems/ruby-1.9.1-p378/gems/sinatra-1.2.6/lib/sinatra/base.rb:755:in `process_route'
 /home/eastmad/.rvm/gems/ruby-1.9.1-p378/gems/sinatra-1.2.6/lib/sinatra/base.rb:707:in `block in route!'
 /home/eastmad/.rvm/gems/ruby-1.9.1-p378/gems/sinatra-1.2.6/lib/sinatra/base.rb:706:in `each'
 /home/eastmad/.rvm/gems/ruby-1.9.1-p378/gems/sinatra-1.2.6/lib/sinatra/base.rb:706:in `route!'
 /home/eastmad/.rvm/gems/ruby-1.9.1-p378/gems/sinatra-1.2.6/lib/sinatra/base.rb:843:in `dispatch!'
 /home/eastmad/.rvm/gems/ruby-1.9.1-p378/gems/sinatra-1.2.6/lib/sinatra/base.rb:644:in `block in call!'
 /home/eastmad/.rvm/gems/ruby-1.9.1-p378/gems/sinatra-1.2.6/lib/sinatra/base.rb:808:in `instance_eval'
 /home/eastmad/.rvm/gems/ruby-1.9.1-p378/gems/sinatra-1.2.6/lib/sinatra/base.rb:808:in `block in invoke'
 /home/eastmad/.rvm/gems/ruby-1.9.1-p378/gems/sinatra-1.2.6/lib/sinatra/base.rb:808:in `catch'
 /home/eastmad/.rvm/gems/ruby-1.9.1-p378/gems/sinatra-1.2.6/lib/sinatra/base.rb:808:in `invoke'
 /home/eastmad/.rvm/gems/ruby-1.9.1-p378/gems/sinatra-1.2.6/lib/sinatra/base.rb:644:in `call!'
 /home/eastmad/.rvm/gems/ruby-1.9.1-p378/gems/sinatra-1.2.6/lib/sinatra/base.rb:629:in `call'
 /home/eastmad/.rvm/gems/ruby-1.9.1-p378/gems/rack-1.2.1/lib/rack/head.rb:9:in `call'
 /home/eastmad/.rvm/gems/ruby-1.9.1-p378/gems/rack-1.2.1/lib/rack/commonlogger.rb:18:in `call'
 /home/eastmad/.rvm/gems/ruby-1.9.1-p378/gems/rack-1.2.1/lib/rack/methodoverride.rb:24:in `call'
 /home/eastmad/.rvm/gems/ruby-1.9.1-p378/gems/sinatra-1.2.6/lib/sinatra/base.rb:1272:in `block in call'
 /home/eastmad/.rvm/gems/ruby-1.9.1-p378/gems/sinatra-1.2.6/lib/sinatra/base.rb:1303:in `synchronize'
 /home/eastmad/.rvm/gems/ruby-1.9.1-p378/gems/sinatra-1.2.6/lib/sinatra/base.rb:1272:in `call'
 /home/eastmad/.rvm/gems/ruby-1.9.1-p378/gems/thin-1.2.7/lib/thin/connection.rb:76:in `block in pre_process'
 /home/eastmad/.rvm/gems/ruby-1.9.1-p378/gems/thin-1.2.7/lib/thin/connection.rb:74:in `catch'
 /home/eastmad/.rvm/gems/ruby-1.9.1-p378/gems/thin-1.2.7/lib/thin/connection.rb:74:in `pre_process'
 /home/eastmad/.rvm/gems/ruby-1.9.1-p378/gems/thin-1.2.7/lib/thin/connection.rb:57:in `process'
 /home/eastmad/.rvm/gems/ruby-1.9.1-p378/gems/thin-1.2.7/lib/thin/connection.rb:42:in `receive_data'
 /home/eastmad/.rvm/gems/ruby-1.9.1-p378/gems/eventmachine-0.12.10/lib/eventmachine.rb:256:in `run_machine'
 /home/eastmad/.rvm/gems/ruby-1.9.1-p378/gems/eventmachine-0.12.10/lib/eventmachine.rb:256:in `run'
 /home/eastmad/.rvm/gems/ruby-1.9.1-p378/gems/thin-1.2.7/lib/thin/backends/base.rb:57:in `start'
 /home/eastmad/.rvm/gems/ruby-1.9.1-p378/gems/thin-1.2.7/lib/thin/server.rb:156:in `start'
 /home/eastmad/.rvm/gems/ruby-1.9.1-p378/gems/thin-1.2.7/lib/thin/controllers/controller.rb:80:in `start'
 /home/eastmad/.rvm/gems/ruby-1.9.1-p378/gems/thin-1.2.7/lib/thin/runner.rb:177:in `run_command'
 /home/eastmad/.rvm/gems/ruby-1.9.1-p378/gems/thin-1.2.7/lib/thin/runner.rb:143:in `run!'
 /home/eastmad/.rvm/gems/ruby-1.9.1-p378/gems/thin-1.2.7/bin/thin:6:in `<top (required)>'
 /home/eastmad/.rvm/gems/ruby-1.9.1-p378/bin/thin:19:in `load'
 /home/eastmad/.rvm/gems/ruby-1.9.1-p378/bin/thin:19:in `<main>'
127.0.0.1 - - [22/May/2011 17:39:31] "GET /developers/david HTTP/1.1" 500 30 0.0007
127.0.0.1 - - [22/May/2011 17:39:35] "GET /developers/david.eastman HTTP/1.1" 200 33759 0.0169
Errno::ENOENT - No such file or directory - /home/eastmad/swissarmyknife/four/userdata/user_objectlab-statcvs.css@bt.com.html:
 /home/eastmad/swissarmyknife/four/svnstats.rb:17:in `read'
 /home/eastmad/swissarmyknife/four/svnstats.rb:17:in `block in <top (required)>'
 /home/eastmad/.rvm/gems/ruby-1.9.1-p378/gems/sinatra-1.2.6/lib/sinatra/base.rb:1152:in `call'
 /home/eastmad/.rvm/gems/ruby-1.9.1-p378/gems/sinatra-1.2.6/lib/sinatra/base.rb:1152:in `block in compile!'
 /home/eastmad/.rvm/gems/ruby-1.9.1-p378/gems/sinatra-1.2.6/lib/sinatra/base.rb:724:in `instance_eval'
 /home/eastmad/.rvm/gems/ruby-1.9.1-p378/gems/sinatra-1.2.6/lib/sinatra/base.rb:724:in `route_eval'
 /home/eastmad/.rvm/gems/ruby-1.9.1-p378/gems/sinatra-1.2.6/lib/sinatra/base.rb:708:in `block (2 levels) in route!'
 /home/eastmad/.rvm/gems/ruby-1.9.1-p378/gems/sinatra-1.2.6/lib/sinatra/base.rb:758:in `block in process_route'
 /home/eastmad/.rvm/gems/ruby-1.9.1-p378/gems/sinatra-1.2.6/lib/sinatra/base.rb:755:in `catch'
 /home/eastmad/.rvm/gems/ruby-1.9.1-p378/gems/sinatra-1.2.6/lib/sinatra/base.rb:755:in `process_route'
 /home/eastmad/.rvm/gems/ruby-1.9.1-p378/gems/sinatra-1.2.6/lib/sinatra/base.rb:707:in `block in route!'
 /home/eastmad/.rvm/gems/ruby-1.9.1-p378/gems/sinatra-1.2.6/lib/sinatra/base.rb:706:in `each'
 /home/eastmad/.rvm/gems/ruby-1.9.1-p378/gems/sinatra-1.2.6/lib/sinatra/base.rb:706:in `route!'
 /home/eastmad/.rvm/gems/ruby-1.9.1-p378/gems/sinatra-1.2.6/lib/sinatra/base.rb:843:in `dispatch!'
 /home/eastmad/.rvm/gems/ruby-1.9.1-p378/gems/sinatra-1.2.6/lib/sinatra/base.rb:644:in `block in call!'
 /home/eastmad/.rvm/gems/ruby-1.9.1-p378/gems/sinatra-1.2.6/lib/sinatra/base.rb:808:in `instance_eval'
 /home/eastmad/.rvm/gems/ruby-1.9.1-p378/gems/sinatra-1.2.6/lib/sinatra/base.rb:808:in `block in invoke'
 /home/eastmad/.rvm/gems/ruby-1.9.1-p378/gems/sinatra-1.2.6/lib/sinatra/base.rb:808:in `catch'
 /home/eastmad/.rvm/gems/ruby-1.9.1-p378/gems/sinatra-1.2.6/lib/sinatra/base.rb:808:in `invoke'
 /home/eastmad/.rvm/gems/ruby-1.9.1-p378/gems/sinatra-1.2.6/lib/sinatra/base.rb:644:in `call!'
 /home/eastmad/.rvm/gems/ruby-1.9.1-p378/gems/sinatra-1.2.6/lib/sinatra/base.rb:629:in `call'
 /home/eastmad/.rvm/gems/ruby-1.9.1-p378/gems/rack-1.2.1/lib/rack/head.rb:9:in `call'
 /home/eastmad/.rvm/gems/ruby-1.9.1-p378/gems/rack-1.2.1/lib/rack/commonlogger.rb:18:in `call'
 /home/eastmad/.rvm/gems/ruby-1.9.1-p378/gems/rack-1.2.1/lib/rack/methodoverride.rb:24:in `call'
 /home/eastmad/.rvm/gems/ruby-1.9.1-p378/gems/sinatra-1.2.6/lib/sinatra/base.rb:1272:in `block in call'
 /home/eastmad/.rvm/gems/ruby-1.9.1-p378/gems/sinatra-1.2.6/lib/sinatra/base.rb:1303:in `synchronize'
 /home/eastmad/.rvm/gems/ruby-1.9.1-p378/gems/sinatra-1.2.6/lib/sinatra/base.rb:1272:in `call'
 /home/eastmad/.rvm/gems/ruby-1.9.1-p378/gems/thin-1.2.7/lib/thin/connection.rb:76:in `block in pre_process'
 /home/eastmad/.rvm/gems/ruby-1.9.1-p378/gems/thin-1.2.7/lib/thin/connection.rb:74:in `catch'
 /home/eastmad/.rvm/gems/ruby-1.9.1-p378/gems/thin-1.2.7/lib/thin/connection.rb:74:in `pre_process'
 /home/eastmad/.rvm/gems/ruby-1.9.1-p378/gems/thin-1.2.7/lib/thin/connection.rb:57:in `process'
 /home/eastmad/.rvm/gems/ruby-1.9.1-p378/gems/thin-1.2.7/lib/thin/connection.rb:42:in `receive_data'
 /home/eastmad/.rvm/gems/ruby-1.9.1-p378/gems/eventmachine-0.12.10/lib/eventmachine.rb:256:in `run_machine'
 /home/eastmad/.rvm/gems/ruby-1.9.1-p378/gems/eventmachine-0.12.10/lib/eventmachine.rb:256:in `run'
 /home/eastmad/.rvm/gems/ruby-1.9.1-p378/gems/thin-1.2.7/lib/thin/backends/base.rb:57:in `start'
 /home/eastmad/.rvm/gems/ruby-1.9.1-p378/gems/thin-1.2.7/lib/thin/server.rb:156:in `start'
 /home/eastmad/.rvm/gems/ruby-1.9.1-p378/gems/thin-1.2.7/lib/thin/controllers/controller.rb:80:in `start'
 /home/eastmad/.rvm/gems/ruby-1.9.1-p378/gems/thin-1.2.7/lib/thin/runner.rb:177:in `run_command'
 /home/eastmad/.rvm/gems/ruby-1.9.1-p378/gems/thin-1.2.7/lib/thin/runner.rb:143:in `run!'
 /home/eastmad/.rvm/gems/ruby-1.9.1-p378/gems/thin-1.2.7/bin/thin:6:in `<top (required)>'
 /home/eastmad/.rvm/gems/ruby-1.9.1-p378/bin/thin:19:in `load'
 /home/eastmad/.rvm/gems/ruby-1.9.1-p378/bin/thin:19:in `<main>'
127.0.0.1 - - [22/May/2011 17:39:35] "GET /developers/objectlab-statcvs.css HTTP/1.1" 500 30 0.0007
Errno::ENOENT - No such file or directory - /home/eastmad/swissarmyknife/four/userdata/user_activity_time_david.eastman@bt.com.png@bt.com.html:
 /home/eastmad/swissarmyknife/four/svnstats.rb:17:in `read'
 /home/eastmad/swissarmyknife/four/svnstats.rb:17:in `block in <top (required)>'
 /home/eastmad/.rvm/gems/ruby-1.9.1-p378/gems/sinatra-1.2.6/lib/sinatra/base.rb:1152:in `call'
 /home/eastmad/.rvm/gems/ruby-1.9.1-p378/gems/sinatra-1.2.6/lib/sinatra/base.rb:1152:in `block in compile!'
 /home/eastmad/.rvm/gems/ruby-1.9.1-p378/gems/sinatra-1.2.6/lib/sinatra/base.rb:724:in `instance_eval'
 /home/eastmad/.rvm/gems/ruby-1.9.1-p378/gems/sinatra-1.2.6/lib/sinatra/base.rb:724:in `route_eval'
 /home/eastmad/.rvm/gems/ruby-1.9.1-p378/gems/sinatra-1.2.6/lib/sinatra/base.rb:708:in `block (2 levels) in route!'
 /home/eastmad/.rvm/gems/ruby-1.9.1-p378/gems/sinatra-1.2.6/lib/sinatra/base.rb:758:in `block in process_route'
 /home/eastmad/.rvm/gems/ruby-1.9.1-p378/gems/sinatra-1.2.6/lib/sinatra/base.rb:755:in `catch'
 /home/eastmad/.rvm/gems/ruby-1.9.1-p378/gems/sinatra-1.2.6/lib/sinatra/base.rb:755:in `process_route'
 /home/eastmad/.rvm/gems/ruby-1.9.1-p378/gems/sinatra-1.2.6/lib/sinatra/base.rb:707:in `block in route!'
 /home/eastmad/.rvm/gems/ruby-1.9.1-p378/gems/sinatra-1.2.6/lib/sinatra/base.rb:706:in `each'
 /home/eastmad/.rvm/gems/ruby-1.9.1-p378/gems/sinatra-1.2.6/lib/sinatra/base.rb:706:in `route!'
 /home/eastmad/.rvm/gems/ruby-1.9.1-p378/gems/sinatra-1.2.6/lib/sinatra/base.rb:843:in `dispatch!'
 /home/eastmad/.rvm/gems/ruby-1.9.1-p378/gems/sinatra-1.2.6/lib/sinatra/base.rb:644:in `block in call!'
 /home/eastmad/.rvm/gems/ruby-1.9.1-p378/gems/sinatra-1.2.6/lib/sinatra/base.rb:808:in `instance_eval'
 /home/eastmad/.rvm/gems/ruby-1.9.1-p378/gems/sinatra-1.2.6/lib/sinatra/base.rb:808:in `block in invoke'
 /home/eastmad/.rvm/gems/ruby-1.9.1-p378/gems/sinatra-1.2.6/lib/sinatra/base.rb:808:in `catch'
 /home/eastmad/.rvm/gems/ruby-1.9.1-p378/gems/sinatra-1.2.6/lib/sinatra/base.rb:808:in `invoke'
 /home/eastmad/.rvm/gems/ruby-1.9.1-p378/gems/sinatra-1.2.6/lib/sinatra/base.rb:644:in `call!'
 /home/eastmad/.rvm/gems/ruby-1.9.1-p378/gems/sinatra-1.2.6/lib/sinatra/base.rb:629:in `call'
 /home/eastmad/.rvm/gems/ruby-1.9.1-p378/gems/rack-1.2.1/lib/rack/head.rb:9:in `call'
 /home/eastmad/.rvm/gems/ruby-1.9.1-p378/gems/rack-1.2.1/lib/rack/commonlogger.rb:18:in `call'
 /home/eastmad/.rvm/gems/ruby-1.9.1-p378/gems/rack-1.2.1/lib/rack/methodoverride.rb:24:in `call'
 /home/eastmad/.rvm/gems/ruby-1.9.1-p378/gems/sinatra-1.2.6/lib/sinatra/base.rb:1272:in `block in call'
 /home/eastmad/.rvm/gems/ruby-1.9.1-p378/gems/sinatra-1.2.6/lib/sinatra/base.rb:1303:in `synchronize'
 /home/eastmad/.rvm/gems/ruby-1.9.1-p378/gems/sinatra-1.2.6/lib/sinatra/base.rb:1272:in `call'
 /home/eastmad/.rvm/gems/ruby-1.9.1-p378/gems/thin-1.2.7/lib/thin/connection.rb:76:in `block in pre_process'
 /home/eastmad/.rvm/gems/ruby-1.9.1-p378/gems/thin-1.2.7/lib/thin/connection.rb:74:in `catch'
 /home/eastmad/.rvm/gems/ruby-1.9.1-p378/gems/thin-1.2.7/lib/thin/connection.rb:74:in `pre_process'
 /home/eastmad/.rvm/gems/ruby-1.9.1-p378/gems/thin-1.2.7/lib/thin/connection.rb:57:in `process'
 /home/eastmad/.rvm/gems/ruby-1.9.1-p378/gems/thin-1.2.7/lib/thin/connection.rb:42:in `receive_data'
 /home/eastmad/.rvm/gems/ruby-1.9.1-p378/gems/eventmachine-0.12.10/lib/eventmachine.rb:256:in `run_machine'
 /home/eastmad/.rvm/gems/ruby-1.9.1-p378/gems/eventmachine-0.12.10/lib/eventmachine.rb:256:in `run'
 /home/eastmad/.rvm/gems/ruby-1.9.1-p378/gems/thin-1.2.7/lib/thin/backends/base.rb:57:in `start'
 /home/eastmad/.rvm/gems/ruby-1.9.1-p378/gems/thin-1.2.7/lib/thin/server.rb:156:in `start'
 /home/eastmad/.rvm/gems/ruby-1.9.1-p378/gems/thin-1.2.7/lib/thin/controllers/controller.rb:80:in `start'
 /home/eastmad/.rvm/gems/ruby-1.9.1-p378/gems/thin-1.2.7/lib/thin/runner.rb:177:in `run_command'
 /home/eastmad/.rvm/gems/ruby-1.9.1-p378/gems/thin-1.2.7/lib/thin/runner.rb:143:in `run!'
 /home/eastmad/.rvm/gems/ruby-1.9.1-p378/gems/thin-1.2.7/bin/thin:6:in `<top (required)>'
 /home/eastmad/.rvm/gems/ruby-1.9.1-p378/bin/thin:19:in `load'
 /home/eastmad/.rvm/gems/ruby-1.9.1-p378/bin/thin:19:in `<main>'
127.0.0.1 - - [22/May/2011 17:39:35] "GET /developers/activity_time_david.eastman@bt.com.png HTTP/1.1" 500 30 0.0004
Errno::ENOENT - No such file or directory - /home/eastmad/swissarmyknife/four/userdata/user_activity_day_david.eastman@bt.com.png@bt.com.html:
 /home/eastmad/swissarmyknife/four/svnstats.rb:17:in `read'
 /home/eastmad/swissarmyknife/four/svnstats.rb:17:in `block in <top (required)>'
 /home/eastmad/.rvm/gems/ruby-1.9.1-p378/gems/sinatra-1.2.6/lib/sinatra/base.rb:1152:in `call'
 /home/eastmad/.rvm/gems/ruby-1.9.1-p378/gems/sinatra-1.2.6/lib/sinatra/base.rb:1152:in `block in compile!'
 /home/eastmad/.rvm/gems/ruby-1.9.1-p378/gems/sinatra-1.2.6/lib/sinatra/base.rb:724:in `instance_eval'
 /home/eastmad/.rvm/gems/ruby-1.9.1-p378/gems/sinatra-1.2.6/lib/sinatra/base.rb:724:in `route_eval'
 /home/eastmad/.rvm/gems/ruby-1.9.1-p378/gems/sinatra-1.2.6/lib/sinatra/base.rb:708:in `block (2 levels) in route!'
 /home/eastmad/.rvm/gems/ruby-1.9.1-p378/gems/sinatra-1.2.6/lib/sinatra/base.rb:758:in `block in process_route'
 /home/eastmad/.rvm/gems/ruby-1.9.1-p378/gems/sinatra-1.2.6/lib/sinatra/base.rb:755:in `catch'
 /home/eastmad/.rvm/gems/ruby-1.9.1-p378/gems/sinatra-1.2.6/lib/sinatra/base.rb:755:in `process_route'
 /home/eastmad/.rvm/gems/ruby-1.9.1-p378/gems/sinatra-1.2.6/lib/sinatra/base.rb:707:in `block in route!'
 /home/eastmad/.rvm/gems/ruby-1.9.1-p378/gems/sinatra-1.2.6/lib/sinatra/base.rb:706:in `each'
 /home/eastmad/.rvm/gems/ruby-1.9.1-p378/gems/sinatra-1.2.6/lib/sinatra/base.rb:706:in `route!'
 /home/eastmad/.rvm/gems/ruby-1.9.1-p378/gems/sinatra-1.2.6/lib/sinatra/base.rb:843:in `dispatch!'
 /home/eastmad/.rvm/gems/ruby-1.9.1-p378/gems/sinatra-1.2.6/lib/sinatra/base.rb:644:in `block in call!'
 /home/eastmad/.rvm/gems/ruby-1.9.1-p378/gems/sinatra-1.2.6/lib/sinatra/base.rb:808:in `instance_eval'
 /home/eastmad/.rvm/gems/ruby-1.9.1-p378/gems/sinatra-1.2.6/lib/sinatra/base.rb:808:in `block in invoke'
 /home/eastmad/.rvm/gems/ruby-1.9.1-p378/gems/sinatra-1.2.6/lib/sinatra/base.rb:808:in `catch'
 /home/eastmad/.rvm/gems/ruby-1.9.1-p378/gems/sinatra-1.2.6/lib/sinatra/base.rb:808:in `invoke'
 /home/eastmad/.rvm/gems/ruby-1.9.1-p378/gems/sinatra-1.2.6/lib/sinatra/base.rb:644:in `call!'
 /home/eastmad/.rvm/gems/ruby-1.9.1-p378/gems/sinatra-1.2.6/lib/sinatra/base.rb:629:in `call'
 /home/eastmad/.rvm/gems/ruby-1.9.1-p378/gems/rack-1.2.1/lib/rack/head.rb:9:in `call'
 /home/eastmad/.rvm/gems/ruby-1.9.1-p378/gems/rack-1.2.1/lib/rack/commonlogger.rb:18:in `call'
 /home/eastmad/.rvm/gems/ruby-1.9.1-p378/gems/rack-1.2.1/lib/rack/methodoverride.rb:24:in `call'
 /home/eastmad/.rvm/gems/ruby-1.9.1-p378/gems/sinatra-1.2.6/lib/sinatra/base.rb:1272:in `block in call'
 /home/eastmad/.rvm/gems/ruby-1.9.1-p378/gems/sinatra-1.2.6/lib/sinatra/base.rb:1303:in `synchronize'
 /home/eastmad/.rvm/gems/ruby-1.9.1-p378/gems/sinatra-1.2.6/lib/sinatra/base.rb:1272:in `call'
 /home/eastmad/.rvm/gems/ruby-1.9.1-p378/gems/thin-1.2.7/lib/thin/connection.rb:76:in `block in pre_process'
 /home/eastmad/.rvm/gems/ruby-1.9.1-p378/gems/thin-1.2.7/lib/thin/connection.rb:74:in `catch'
 /home/eastmad/.rvm/gems/ruby-1.9.1-p378/gems/thin-1.2.7/lib/thin/connection.rb:74:in `pre_process'
 /home/eastmad/.rvm/gems/ruby-1.9.1-p378/gems/thin-1.2.7/lib/thin/connection.rb:57:in `process'
 /home/eastmad/.rvm/gems/ruby-1.9.1-p378/gems/thin-1.2.7/lib/thin/connection.rb:42:in `receive_data'
 /home/eastmad/.rvm/gems/ruby-1.9.1-p378/gems/eventmachine-0.12.10/lib/eventmachine.rb:256:in `run_machine'
 /home/eastmad/.rvm/gems/ruby-1.9.1-p378/gems/eventmachine-0.12.10/lib/eventmachine.rb:256:in `run'
 /home/eastmad/.rvm/gems/ruby-1.9.1-p378/gems/thin-1.2.7/lib/thin/backends/base.rb:57:in `start'
 /home/eastmad/.rvm/gems/ruby-1.9.1-p378/gems/thin-1.2.7/lib/thin/server.rb:156:in `start'
 /home/eastmad/.rvm/gems/ruby-1.9.1-p378/gems/thin-1.2.7/lib/thin/controllers/controller.rb:80:in `start'
 /home/eastmad/.rvm/gems/ruby-1.9.1-p378/gems/thin-1.2.7/lib/thin/runner.rb:177:in `run_command'
 /home/eastmad/.rvm/gems/ruby-1.9.1-p378/gems/thin-1.2.7/lib/thin/runner.rb:143:in `run!'
 /home/eastmad/.rvm/gems/ruby-1.9.1-p378/gems/thin-1.2.7/bin/thin:6:in `<top (required)>'
 /home/eastmad/.rvm/gems/ruby-1.9.1-p378/bin/thin:19:in `load'
 /home/eastmad/.rvm/gems/ruby-1.9.1-p378/bin/thin:19:in `<main>'
127.0.0.1 - - [22/May/2011 17:39:35] "GET /developers/activity_day_david.eastman@bt.com.png HTTP/1.1" 500 30 0.0006
Errno::ENOENT - No such file or directory - /home/eastmad/swissarmyknife/four/userdata/user_directory_sizes_david.eastman@bt.com.png@bt.com.html:
 /home/eastmad/swissarmyknife/four/svnstats.rb:17:in `read'
 /home/eastmad/swissarmyknife/four/svnstats.rb:17:in `block in <top (required)>'
 /home/eastmad/.rvm/gems/ruby-1.9.1-p378/gems/sinatra-1.2.6/lib/sinatra/base.rb:1152:in `call'
 /home/eastmad/.rvm/gems/ruby-1.9.1-p378/gems/sinatra-1.2.6/lib/sinatra/base.rb:1152:in `block in compile!'
 /home/eastmad/.rvm/gems/ruby-1.9.1-p378/gems/sinatra-1.2.6/lib/sinatra/base.rb:724:in `instance_eval'
 /home/eastmad/.rvm/gems/ruby-1.9.1-p378/gems/sinatra-1.2.6/lib/sinatra/base.rb:724:in `route_eval'
 /home/eastmad/.rvm/gems/ruby-1.9.1-p378/gems/sinatra-1.2.6/lib/sinatra/base.rb:708:in `block (2 levels) in route!'
 /home/eastmad/.rvm/gems/ruby-1.9.1-p378/gems/sinatra-1.2.6/lib/sinatra/base.rb:758:in `block in process_route'
 /home/eastmad/.rvm/gems/ruby-1.9.1-p378/gems/sinatra-1.2.6/lib/sinatra/base.rb:755:in `catch'
 /home/eastmad/.rvm/gems/ruby-1.9.1-p378/gems/sinatra-1.2.6/lib/sinatra/base.rb:755:in `process_route'
 /home/eastmad/.rvm/gems/ruby-1.9.1-p378/gems/sinatra-1.2.6/lib/sinatra/base.rb:707:in `block in route!'
 /home/eastmad/.rvm/gems/ruby-1.9.1-p378/gems/sinatra-1.2.6/lib/sinatra/base.rb:706:in `each'
 /home/eastmad/.rvm/gems/ruby-1.9.1-p378/gems/sinatra-1.2.6/lib/sinatra/base.rb:706:in `route!'
 /home/eastmad/.rvm/gems/ruby-1.9.1-p378/gems/sinatra-1.2.6/lib/sinatra/base.rb:843:in `dispatch!'
 /home/eastmad/.rvm/gems/ruby-1.9.1-p378/gems/sinatra-1.2.6/lib/sinatra/base.rb:644:in `block in call!'
 /home/eastmad/.rvm/gems/ruby-1.9.1-p378/gems/sinatra-1.2.6/lib/sinatra/base.rb:808:in `instance_eval'
 /home/eastmad/.rvm/gems/ruby-1.9.1-p378/gems/sinatra-1.2.6/lib/sinatra/base.rb:808:in `block in invoke'
 /home/eastmad/.rvm/gems/ruby-1.9.1-p378/gems/sinatra-1.2.6/lib/sinatra/base.rb:808:in `catch'
 /home/eastmad/.rvm/gems/ruby-1.9.1-p378/gems/sinatra-1.2.6/lib/sinatra/base.rb:808:in `invoke'
 /home/eastmad/.rvm/gems/ruby-1.9.1-p378/gems/sinatra-1.2.6/lib/sinatra/base.rb:644:in `call!'
 /home/eastmad/.rvm/gems/ruby-1.9.1-p378/gems/sinatra-1.2.6/lib/sinatra/base.rb:629:in `call'
 /home/eastmad/.rvm/gems/ruby-1.9.1-p378/gems/rack-1.2.1/lib/rack/head.rb:9:in `call'
 /home/eastmad/.rvm/gems/ruby-1.9.1-p378/gems/rack-1.2.1/lib/rack/commonlogger.rb:18:in `call'
 /home/eastmad/.rvm/gems/ruby-1.9.1-p378/gems/rack-1.2.1/lib/rack/methodoverride.rb:24:in `call'
 /home/eastmad/.rvm/gems/ruby-1.9.1-p378/gems/sinatra-1.2.6/lib/sinatra/base.rb:1272:in `block in call'
 /home/eastmad/.rvm/gems/ruby-1.9.1-p378/gems/sinatra-1.2.6/lib/sinatra/base.rb:1303:in `synchronize'
 /home/eastmad/.rvm/gems/ruby-1.9.1-p378/gems/sinatra-1.2.6/lib/sinatra/base.rb:1272:in `call'
 /home/eastmad/.rvm/gems/ruby-1.9.1-p378/gems/thin-1.2.7/lib/thin/connection.rb:76:in `block in pre_process'
 /home/eastmad/.rvm/gems/ruby-1.9.1-p378/gems/thin-1.2.7/lib/thin/connection.rb:74:in `catch'
 /home/eastmad/.rvm/gems/ruby-1.9.1-p378/gems/thin-1.2.7/lib/thin/connection.rb:74:in `pre_process'
 /home/eastmad/.rvm/gems/ruby-1.9.1-p378/gems/thin-1.2.7/lib/thin/connection.rb:57:in `process'
 /home/eastmad/.rvm/gems/ruby-1.9.1-p378/gems/thin-1.2.7/lib/thin/connection.rb:42:in `receive_data'
 /home/eastmad/.rvm/gems/ruby-1.9.1-p378/gems/eventmachine-0.12.10/lib/eventmachine.rb:256:in `run_machine'
 /home/eastmad/.rvm/gems/ruby-1.9.1-p378/gems/eventmachine-0.12.10/lib/eventmachine.rb:256:in `run'
 /home/eastmad/.rvm/gems/ruby-1.9.1-p378/gems/thin-1.2.7/lib/thin/backends/base.rb:57:in `start'
 /home/eastmad/.rvm/gems/ruby-1.9.1-p378/gems/thin-1.2.7/lib/thin/server.rb:156:in `start'
 /home/eastmad/.rvm/gems/ruby-1.9.1-p378/gems/thin-1.2.7/lib/thin/controllers/controller.rb:80:in `start'
 /home/eastmad/.rvm/gems/ruby-1.9.1-p378/gems/thin-1.2.7/lib/thin/runner.rb:177:in `run_command'
 /home/eastmad/.rvm/gems/ruby-1.9.1-p378/gems/thin-1.2.7/lib/thin/runner.rb:143:in `run!'
 /home/eastmad/.rvm/gems/ruby-1.9.1-p378/gems/thin-1.2.7/bin/thin:6:in `<top (required)>'
 /home/eastmad/.rvm/gems/ruby-1.9.1-p378/bin/thin:19:in `load'
 /home/eastmad/.rvm/gems/ruby-1.9.1-p378/bin/thin:19:in `<main>'
127.0.0.1 - - [22/May/2011 17:39:35] "GET /developers/directory_sizes_david.eastman@bt.com.png HTTP/1.1" 500 30 0.0004
>> Writing PID to thin.4567.pid
>> Changing process privilege to eastmad:eastmad
>> Thin web server (v1.2.7 codename No Hup)
>> Maximum connections set to 1024
>> Listening on 127.0.0.1:4567, CTRL+C to stop
127.0.0.1 - - [23/May/2011 13:33:17] "GET / HTTP/1.1" 200 15 0.0033
127.0.0.1 - - [23/May/2011 13:33:22] "GET /developers HTTP/1.1" 404 18 0.0007
Errno::ENOENT - No such file or directory - /home/eastmad/swissarmyknife/four/userdata/user_david@bt.com.html:
 /home/eastmad/swissarmyknife/four/svnstats.rb:17:in `read'
 /home/eastmad/swissarmyknife/four/svnstats.rb:17:in `block in <top (required)>'
 /home/eastmad/.rvm/gems/ruby-1.9.1-p378/gems/sinatra-1.2.6/lib/sinatra/base.rb:1152:in `call'
 /home/eastmad/.rvm/gems/ruby-1.9.1-p378/gems/sinatra-1.2.6/lib/sinatra/base.rb:1152:in `block in compile!'
 /home/eastmad/.rvm/gems/ruby-1.9.1-p378/gems/sinatra-1.2.6/lib/sinatra/base.rb:724:in `instance_eval'
 /home/eastmad/.rvm/gems/ruby-1.9.1-p378/gems/sinatra-1.2.6/lib/sinatra/base.rb:724:in `route_eval'
 /home/eastmad/.rvm/gems/ruby-1.9.1-p378/gems/sinatra-1.2.6/lib/sinatra/base.rb:708:in `block (2 levels) in route!'
 /home/eastmad/.rvm/gems/ruby-1.9.1-p378/gems/sinatra-1.2.6/lib/sinatra/base.rb:758:in `block in process_route'
 /home/eastmad/.rvm/gems/ruby-1.9.1-p378/gems/sinatra-1.2.6/lib/sinatra/base.rb:755:in `catch'
 /home/eastmad/.rvm/gems/ruby-1.9.1-p378/gems/sinatra-1.2.6/lib/sinatra/base.rb:755:in `process_route'
 /home/eastmad/.rvm/gems/ruby-1.9.1-p378/gems/sinatra-1.2.6/lib/sinatra/base.rb:707:in `block in route!'
 /home/eastmad/.rvm/gems/ruby-1.9.1-p378/gems/sinatra-1.2.6/lib/sinatra/base.rb:706:in `each'
 /home/eastmad/.rvm/gems/ruby-1.9.1-p378/gems/sinatra-1.2.6/lib/sinatra/base.rb:706:in `route!'
 /home/eastmad/.rvm/gems/ruby-1.9.1-p378/gems/sinatra-1.2.6/lib/sinatra/base.rb:843:in `dispatch!'
 /home/eastmad/.rvm/gems/ruby-1.9.1-p378/gems/sinatra-1.2.6/lib/sinatra/base.rb:644:in `block in call!'
 /home/eastmad/.rvm/gems/ruby-1.9.1-p378/gems/sinatra-1.2.6/lib/sinatra/base.rb:808:in `instance_eval'
 /home/eastmad/.rvm/gems/ruby-1.9.1-p378/gems/sinatra-1.2.6/lib/sinatra/base.rb:808:in `block in invoke'
 /home/eastmad/.rvm/gems/ruby-1.9.1-p378/gems/sinatra-1.2.6/lib/sinatra/base.rb:808:in `catch'
 /home/eastmad/.rvm/gems/ruby-1.9.1-p378/gems/sinatra-1.2.6/lib/sinatra/base.rb:808:in `invoke'
 /home/eastmad/.rvm/gems/ruby-1.9.1-p378/gems/sinatra-1.2.6/lib/sinatra/base.rb:644:in `call!'
 /home/eastmad/.rvm/gems/ruby-1.9.1-p378/gems/sinatra-1.2.6/lib/sinatra/base.rb:629:in `call'
 /home/eastmad/.rvm/gems/ruby-1.9.1-p378/gems/rack-1.2.1/lib/rack/head.rb:9:in `call'
 /home/eastmad/.rvm/gems/ruby-1.9.1-p378/gems/rack-1.2.1/lib/rack/commonlogger.rb:18:in `call'
 /home/eastmad/.rvm/gems/ruby-1.9.1-p378/gems/rack-1.2.1/lib/rack/methodoverride.rb:24:in `call'
 /home/eastmad/.rvm/gems/ruby-1.9.1-p378/gems/sinatra-1.2.6/lib/sinatra/base.rb:1272:in `block in call'
 /home/eastmad/.rvm/gems/ruby-1.9.1-p378/gems/sinatra-1.2.6/lib/sinatra/base.rb:1303:in `synchronize'
 /home/eastmad/.rvm/gems/ruby-1.9.1-p378/gems/sinatra-1.2.6/lib/sinatra/base.rb:1272:in `call'
 /home/eastmad/.rvm/gems/ruby-1.9.1-p378/gems/thin-1.2.7/lib/thin/connection.rb:76:in `block in pre_process'
 /home/eastmad/.rvm/gems/ruby-1.9.1-p378/gems/thin-1.2.7/lib/thin/connection.rb:74:in `catch'
 /home/eastmad/.rvm/gems/ruby-1.9.1-p378/gems/thin-1.2.7/lib/thin/connection.rb:74:in `pre_process'
 /home/eastmad/.rvm/gems/ruby-1.9.1-p378/gems/thin-1.2.7/lib/thin/connection.rb:57:in `process'
 /home/eastmad/.rvm/gems/ruby-1.9.1-p378/gems/thin-1.2.7/lib/thin/connection.rb:42:in `receive_data'
 /home/eastmad/.rvm/gems/ruby-1.9.1-p378/gems/eventmachine-0.12.10/lib/eventmachine.rb:256:in `run_machine'
 /home/eastmad/.rvm/gems/ruby-1.9.1-p378/gems/eventmachine-0.12.10/lib/eventmachine.rb:256:in `run'
 /home/eastmad/.rvm/gems/ruby-1.9.1-p378/gems/thin-1.2.7/lib/thin/backends/base.rb:57:in `start'
 /home/eastmad/.rvm/gems/ruby-1.9.1-p378/gems/thin-1.2.7/lib/thin/server.rb:156:in `start'
 /home/eastmad/.rvm/gems/ruby-1.9.1-p378/gems/thin-1.2.7/lib/thin/controllers/controller.rb:80:in `start'
 /home/eastmad/.rvm/gems/ruby-1.9.1-p378/gems/thin-1.2.7/lib/thin/runner.rb:177:in `run_command'
 /home/eastmad/.rvm/gems/ruby-1.9.1-p378/gems/thin-1.2.7/lib/thin/runner.rb:143:in `run!'
 /home/eastmad/.rvm/gems/ruby-1.9.1-p378/gems/thin-1.2.7/bin/thin:6:in `<top (required)>'
 /home/eastmad/.rvm/gems/ruby-1.9.1-p378/bin/thin:19:in `load'
 /home/eastmad/.rvm/gems/ruby-1.9.1-p378/bin/thin:19:in `<main>'
127.0.0.1 - - [23/May/2011 13:33:29] "GET /developers/david HTTP/1.1" 500 30 0.0014
127.0.0.1 - - [23/May/2011 13:33:33] "GET /developers/david.eastman HTTP/1.1" 200 33759 0.0434
Errno::ENOENT - No such file or directory - /home/eastmad/swissarmyknife/four/userdata/user_objectlab-statcvs.css@bt.com.html:
 /home/eastmad/swissarmyknife/four/svnstats.rb:17:in `read'
 /home/eastmad/swissarmyknife/four/svnstats.rb:17:in `block in <top (required)>'
 /home/eastmad/.rvm/gems/ruby-1.9.1-p378/gems/sinatra-1.2.6/lib/sinatra/base.rb:1152:in `call'
 /home/eastmad/.rvm/gems/ruby-1.9.1-p378/gems/sinatra-1.2.6/lib/sinatra/base.rb:1152:in `block in compile!'
 /home/eastmad/.rvm/gems/ruby-1.9.1-p378/gems/sinatra-1.2.6/lib/sinatra/base.rb:724:in `instance_eval'
 /home/eastmad/.rvm/gems/ruby-1.9.1-p378/gems/sinatra-1.2.6/lib/sinatra/base.rb:724:in `route_eval'
 /home/eastmad/.rvm/gems/ruby-1.9.1-p378/gems/sinatra-1.2.6/lib/sinatra/base.rb:708:in `block (2 levels) in route!'
 /home/eastmad/.rvm/gems/ruby-1.9.1-p378/gems/sinatra-1.2.6/lib/sinatra/base.rb:758:in `block in process_route'
 /home/eastmad/.rvm/gems/ruby-1.9.1-p378/gems/sinatra-1.2.6/lib/sinatra/base.rb:755:in `catch'
 /home/eastmad/.rvm/gems/ruby-1.9.1-p378/gems/sinatra-1.2.6/lib/sinatra/base.rb:755:in `process_route'
 /home/eastmad/.rvm/gems/ruby-1.9.1-p378/gems/sinatra-1.2.6/lib/sinatra/base.rb:707:in `block in route!'
 /home/eastmad/.rvm/gems/ruby-1.9.1-p378/gems/sinatra-1.2.6/lib/sinatra/base.rb:706:in `each'
 /home/eastmad/.rvm/gems/ruby-1.9.1-p378/gems/sinatra-1.2.6/lib/sinatra/base.rb:706:in `route!'
 /home/eastmad/.rvm/gems/ruby-1.9.1-p378/gems/sinatra-1.2.6/lib/sinatra/base.rb:843:in `dispatch!'
 /home/eastmad/.rvm/gems/ruby-1.9.1-p378/gems/sinatra-1.2.6/lib/sinatra/base.rb:644:in `block in call!'
 /home/eastmad/.rvm/gems/ruby-1.9.1-p378/gems/sinatra-1.2.6/lib/sinatra/base.rb:808:in `instance_eval'
 /home/eastmad/.rvm/gems/ruby-1.9.1-p378/gems/sinatra-1.2.6/lib/sinatra/base.rb:808:in `block in invoke'
 /home/eastmad/.rvm/gems/ruby-1.9.1-p378/gems/sinatra-1.2.6/lib/sinatra/base.rb:808:in `catch'
 /home/eastmad/.rvm/gems/ruby-1.9.1-p378/gems/sinatra-1.2.6/lib/sinatra/base.rb:808:in `invoke'
 /home/eastmad/.rvm/gems/ruby-1.9.1-p378/gems/sinatra-1.2.6/lib/sinatra/base.rb:644:in `call!'
 /home/eastmad/.rvm/gems/ruby-1.9.1-p378/gems/sinatra-1.2.6/lib/sinatra/base.rb:629:in `call'
 /home/eastmad/.rvm/gems/ruby-1.9.1-p378/gems/rack-1.2.1/lib/rack/head.rb:9:in `call'
 /home/eastmad/.rvm/gems/ruby-1.9.1-p378/gems/rack-1.2.1/lib/rack/commonlogger.rb:18:in `call'
 /home/eastmad/.rvm/gems/ruby-1.9.1-p378/gems/rack-1.2.1/lib/rack/methodoverride.rb:24:in `call'
 /home/eastmad/.rvm/gems/ruby-1.9.1-p378/gems/sinatra-1.2.6/lib/sinatra/base.rb:1272:in `block in call'
 /home/eastmad/.rvm/gems/ruby-1.9.1-p378/gems/sinatra-1.2.6/lib/sinatra/base.rb:1303:in `synchronize'
 /home/eastmad/.rvm/gems/ruby-1.9.1-p378/gems/sinatra-1.2.6/lib/sinatra/base.rb:1272:in `call'
 /home/eastmad/.rvm/gems/ruby-1.9.1-p378/gems/thin-1.2.7/lib/thin/connection.rb:76:in `block in pre_process'
 /home/eastmad/.rvm/gems/ruby-1.9.1-p378/gems/thin-1.2.7/lib/thin/connection.rb:74:in `catch'
 /home/eastmad/.rvm/gems/ruby-1.9.1-p378/gems/thin-1.2.7/lib/thin/connection.rb:74:in `pre_process'
 /home/eastmad/.rvm/gems/ruby-1.9.1-p378/gems/thin-1.2.7/lib/thin/connection.rb:57:in `process'
 /home/eastmad/.rvm/gems/ruby-1.9.1-p378/gems/thin-1.2.7/lib/thin/connection.rb:42:in `receive_data'
 /home/eastmad/.rvm/gems/ruby-1.9.1-p378/gems/eventmachine-0.12.10/lib/eventmachine.rb:256:in `run_machine'
 /home/eastmad/.rvm/gems/ruby-1.9.1-p378/gems/eventmachine-0.12.10/lib/eventmachine.rb:256:in `run'
 /home/eastmad/.rvm/gems/ruby-1.9.1-p378/gems/thin-1.2.7/lib/thin/backends/base.rb:57:in `start'
 /home/eastmad/.rvm/gems/ruby-1.9.1-p378/gems/thin-1.2.7/lib/thin/server.rb:156:in `start'
 /home/eastmad/.rvm/gems/ruby-1.9.1-p378/gems/thin-1.2.7/lib/thin/controllers/controller.rb:80:in `start'
 /home/eastmad/.rvm/gems/ruby-1.9.1-p378/gems/thin-1.2.7/lib/thin/runner.rb:177:in `run_command'
 /home/eastmad/.rvm/gems/ruby-1.9.1-p378/gems/thin-1.2.7/lib/thin/runner.rb:143:in `run!'
 /home/eastmad/.rvm/gems/ruby-1.9.1-p378/gems/thin-1.2.7/bin/thin:6:in `<top (required)>'
 /home/eastmad/.rvm/gems/ruby-1.9.1-p378/bin/thin:19:in `load'
 /home/eastmad/.rvm/gems/ruby-1.9.1-p378/bin/thin:19:in `<main>'
127.0.0.1 - - [23/May/2011 13:33:33] "GET /developers/objectlab-statcvs.css HTTP/1.1" 500 30 0.0009
Errno::ENOENT - No such file or directory - /home/eastmad/swissarmyknife/four/userdata/user_activity_time_david.eastman@bt.com.png@bt.com.html:
 /home/eastmad/swissarmyknife/four/svnstats.rb:17:in `read'
 /home/eastmad/swissarmyknife/four/svnstats.rb:17:in `block in <top (required)>'
 /home/eastmad/.rvm/gems/ruby-1.9.1-p378/gems/sinatra-1.2.6/lib/sinatra/base.rb:1152:in `call'
 /home/eastmad/.rvm/gems/ruby-1.9.1-p378/gems/sinatra-1.2.6/lib/sinatra/base.rb:1152:in `block in compile!'
 /home/eastmad/.rvm/gems/ruby-1.9.1-p378/gems/sinatra-1.2.6/lib/sinatra/base.rb:724:in `instance_eval'
 /home/eastmad/.rvm/gems/ruby-1.9.1-p378/gems/sinatra-1.2.6/lib/sinatra/base.rb:724:in `route_eval'
 /home/eastmad/.rvm/gems/ruby-1.9.1-p378/gems/sinatra-1.2.6/lib/sinatra/base.rb:708:in `block (2 levels) in route!'
 /home/eastmad/.rvm/gems/ruby-1.9.1-p378/gems/sinatra-1.2.6/lib/sinatra/base.rb:758:in `block in process_route'
 /home/eastmad/.rvm/gems/ruby-1.9.1-p378/gems/sinatra-1.2.6/lib/sinatra/base.rb:755:in `catch'
 /home/eastmad/.rvm/gems/ruby-1.9.1-p378/gems/sinatra-1.2.6/lib/sinatra/base.rb:755:in `process_route'
 /home/eastmad/.rvm/gems/ruby-1.9.1-p378/gems/sinatra-1.2.6/lib/sinatra/base.rb:707:in `block in route!'
 /home/eastmad/.rvm/gems/ruby-1.9.1-p378/gems/sinatra-1.2.6/lib/sinatra/base.rb:706:in `each'
 /home/eastmad/.rvm/gems/ruby-1.9.1-p378/gems/sinatra-1.2.6/lib/sinatra/base.rb:706:in `route!'
 /home/eastmad/.rvm/gems/ruby-1.9.1-p378/gems/sinatra-1.2.6/lib/sinatra/base.rb:843:in `dispatch!'
 /home/eastmad/.rvm/gems/ruby-1.9.1-p378/gems/sinatra-1.2.6/lib/sinatra/base.rb:644:in `block in call!'
 /home/eastmad/.rvm/gems/ruby-1.9.1-p378/gems/sinatra-1.2.6/lib/sinatra/base.rb:808:in `instance_eval'
 /home/eastmad/.rvm/gems/ruby-1.9.1-p378/gems/sinatra-1.2.6/lib/sinatra/base.rb:808:in `block in invoke'
 /home/eastmad/.rvm/gems/ruby-1.9.1-p378/gems/sinatra-1.2.6/lib/sinatra/base.rb:808:in `catch'
 /home/eastmad/.rvm/gems/ruby-1.9.1-p378/gems/sinatra-1.2.6/lib/sinatra/base.rb:808:in `invoke'
 /home/eastmad/.rvm/gems/ruby-1.9.1-p378/gems/sinatra-1.2.6/lib/sinatra/base.rb:644:in `call!'
 /home/eastmad/.rvm/gems/ruby-1.9.1-p378/gems/sinatra-1.2.6/lib/sinatra/base.rb:629:in `call'
 /home/eastmad/.rvm/gems/ruby-1.9.1-p378/gems/rack-1.2.1/lib/rack/head.rb:9:in `call'
 /home/eastmad/.rvm/gems/ruby-1.9.1-p378/gems/rack-1.2.1/lib/rack/commonlogger.rb:18:in `call'
 /home/eastmad/.rvm/gems/ruby-1.9.1-p378/gems/rack-1.2.1/lib/rack/methodoverride.rb:24:in `call'
 /home/eastmad/.rvm/gems/ruby-1.9.1-p378/gems/sinatra-1.2.6/lib/sinatra/base.rb:1272:in `block in call'
 /home/eastmad/.rvm/gems/ruby-1.9.1-p378/gems/sinatra-1.2.6/lib/sinatra/base.rb:1303:in `synchronize'
 /home/eastmad/.rvm/gems/ruby-1.9.1-p378/gems/sinatra-1.2.6/lib/sinatra/base.rb:1272:in `call'
 /home/eastmad/.rvm/gems/ruby-1.9.1-p378/gems/thin-1.2.7/lib/thin/connection.rb:76:in `block in pre_process'
 /home/eastmad/.rvm/gems/ruby-1.9.1-p378/gems/thin-1.2.7/lib/thin/connection.rb:74:in `catch'
 /home/eastmad/.rvm/gems/ruby-1.9.1-p378/gems/thin-1.2.7/lib/thin/connection.rb:74:in `pre_process'
 /home/eastmad/.rvm/gems/ruby-1.9.1-p378/gems/thin-1.2.7/lib/thin/connection.rb:57:in `process'
 /home/eastmad/.rvm/gems/ruby-1.9.1-p378/gems/thin-1.2.7/lib/thin/connection.rb:42:in `receive_data'
 /home/eastmad/.rvm/gems/ruby-1.9.1-p378/gems/eventmachine-0.12.10/lib/eventmachine.rb:256:in `run_machine'
 /home/eastmad/.rvm/gems/ruby-1.9.1-p378/gems/eventmachine-0.12.10/lib/eventmachine.rb:256:in `run'
 /home/eastmad/.rvm/gems/ruby-1.9.1-p378/gems/thin-1.2.7/lib/thin/backends/base.rb:57:in `start'
 /home/eastmad/.rvm/gems/ruby-1.9.1-p378/gems/thin-1.2.7/lib/thin/server.rb:156:in `start'
 /home/eastmad/.rvm/gems/ruby-1.9.1-p378/gems/thin-1.2.7/lib/thin/controllers/controller.rb:80:in `start'
 /home/eastmad/.rvm/gems/ruby-1.9.1-p378/gems/thin-1.2.7/lib/thin/runner.rb:177:in `run_command'
 /home/eastmad/.rvm/gems/ruby-1.9.1-p378/gems/thin-1.2.7/lib/thin/runner.rb:143:in `run!'
 /home/eastmad/.rvm/gems/ruby-1.9.1-p378/gems/thin-1.2.7/bin/thin:6:in `<top (required)>'
 /home/eastmad/.rvm/gems/ruby-1.9.1-p378/bin/thin:19:in `load'
 /home/eastmad/.rvm/gems/ruby-1.9.1-p378/bin/thin:19:in `<main>'
127.0.0.1 - - [23/May/2011 13:33:33] "GET /developers/activity_time_david.eastman@bt.com.png HTTP/1.1" 500 30 0.0007
Errno::ENOENT - No such file or directory - /home/eastmad/swissarmyknife/four/userdata/user_activity_day_david.eastman@bt.com.png@bt.com.html:
 /home/eastmad/swissarmyknife/four/svnstats.rb:17:in `read'
 /home/eastmad/swissarmyknife/four/svnstats.rb:17:in `block in <top (required)>'
 /home/eastmad/.rvm/gems/ruby-1.9.1-p378/gems/sinatra-1.2.6/lib/sinatra/base.rb:1152:in `call'
 /home/eastmad/.rvm/gems/ruby-1.9.1-p378/gems/sinatra-1.2.6/lib/sinatra/base.rb:1152:in `block in compile!'
 /home/eastmad/.rvm/gems/ruby-1.9.1-p378/gems/sinatra-1.2.6/lib/sinatra/base.rb:724:in `instance_eval'
 /home/eastmad/.rvm/gems/ruby-1.9.1-p378/gems/sinatra-1.2.6/lib/sinatra/base.rb:724:in `route_eval'
 /home/eastmad/.rvm/gems/ruby-1.9.1-p378/gems/sinatra-1.2.6/lib/sinatra/base.rb:708:in `block (2 levels) in route!'
 /home/eastmad/.rvm/gems/ruby-1.9.1-p378/gems/sinatra-1.2.6/lib/sinatra/base.rb:758:in `block in process_route'
 /home/eastmad/.rvm/gems/ruby-1.9.1-p378/gems/sinatra-1.2.6/lib/sinatra/base.rb:755:in `catch'
 /home/eastmad/.rvm/gems/ruby-1.9.1-p378/gems/sinatra-1.2.6/lib/sinatra/base.rb:755:in `process_route'
 /home/eastmad/.rvm/gems/ruby-1.9.1-p378/gems/sinatra-1.2.6/lib/sinatra/base.rb:707:in `block in route!'
 /home/eastmad/.rvm/gems/ruby-1.9.1-p378/gems/sinatra-1.2.6/lib/sinatra/base.rb:706:in `each'
 /home/eastmad/.rvm/gems/ruby-1.9.1-p378/gems/sinatra-1.2.6/lib/sinatra/base.rb:706:in `route!'
 /home/eastmad/.rvm/gems/ruby-1.9.1-p378/gems/sinatra-1.2.6/lib/sinatra/base.rb:843:in `dispatch!'
 /home/eastmad/.rvm/gems/ruby-1.9.1-p378/gems/sinatra-1.2.6/lib/sinatra/base.rb:644:in `block in call!'
 /home/eastmad/.rvm/gems/ruby-1.9.1-p378/gems/sinatra-1.2.6/lib/sinatra/base.rb:808:in `instance_eval'
 /home/eastmad/.rvm/gems/ruby-1.9.1-p378/gems/sinatra-1.2.6/lib/sinatra/base.rb:808:in `block in invoke'
 /home/eastmad/.rvm/gems/ruby-1.9.1-p378/gems/sinatra-1.2.6/lib/sinatra/base.rb:808:in `catch'
 /home/eastmad/.rvm/gems/ruby-1.9.1-p378/gems/sinatra-1.2.6/lib/sinatra/base.rb:808:in `invoke'
 /home/eastmad/.rvm/gems/ruby-1.9.1-p378/gems/sinatra-1.2.6/lib/sinatra/base.rb:644:in `call!'
 /home/eastmad/.rvm/gems/ruby-1.9.1-p378/gems/sinatra-1.2.6/lib/sinatra/base.rb:629:in `call'
 /home/eastmad/.rvm/gems/ruby-1.9.1-p378/gems/rack-1.2.1/lib/rack/head.rb:9:in `call'
 /home/eastmad/.rvm/gems/ruby-1.9.1-p378/gems/rack-1.2.1/lib/rack/commonlogger.rb:18:in `call'
 /home/eastmad/.rvm/gems/ruby-1.9.1-p378/gems/rack-1.2.1/lib/rack/methodoverride.rb:24:in `call'
 /home/eastmad/.rvm/gems/ruby-1.9.1-p378/gems/sinatra-1.2.6/lib/sinatra/base.rb:1272:in `block in call'
 /home/eastmad/.rvm/gems/ruby-1.9.1-p378/gems/sinatra-1.2.6/lib/sinatra/base.rb:1303:in `synchronize'
 /home/eastmad/.rvm/gems/ruby-1.9.1-p378/gems/sinatra-1.2.6/lib/sinatra/base.rb:1272:in `call'
 /home/eastmad/.rvm/gems/ruby-1.9.1-p378/gems/thin-1.2.7/lib/thin/connection.rb:76:in `block in pre_process'
 /home/eastmad/.rvm/gems/ruby-1.9.1-p378/gems/thin-1.2.7/lib/thin/connection.rb:74:in `catch'
 /home/eastmad/.rvm/gems/ruby-1.9.1-p378/gems/thin-1.2.7/lib/thin/connection.rb:74:in `pre_process'
 /home/eastmad/.rvm/gems/ruby-1.9.1-p378/gems/thin-1.2.7/lib/thin/connection.rb:57:in `process'
 /home/eastmad/.rvm/gems/ruby-1.9.1-p378/gems/thin-1.2.7/lib/thin/connection.rb:42:in `receive_data'
 /home/eastmad/.rvm/gems/ruby-1.9.1-p378/gems/eventmachine-0.12.10/lib/eventmachine.rb:256:in `run_machine'
 /home/eastmad/.rvm/gems/ruby-1.9.1-p378/gems/eventmachine-0.12.10/lib/eventmachine.rb:256:in `run'
 /home/eastmad/.rvm/gems/ruby-1.9.1-p378/gems/thin-1.2.7/lib/thin/backends/base.rb:57:in `start'
 /home/eastmad/.rvm/gems/ruby-1.9.1-p378/gems/thin-1.2.7/lib/thin/server.rb:156:in `start'
 /home/eastmad/.rvm/gems/ruby-1.9.1-p378/gems/thin-1.2.7/lib/thin/controllers/controller.rb:80:in `start'
 /home/eastmad/.rvm/gems/ruby-1.9.1-p378/gems/thin-1.2.7/lib/thin/runner.rb:177:in `run_command'
 /home/eastmad/.rvm/gems/ruby-1.9.1-p378/gems/thin-1.2.7/lib/thin/runner.rb:143:in `run!'
 /home/eastmad/.rvm/gems/ruby-1.9.1-p378/gems/thin-1.2.7/bin/thin:6:in `<top (required)>'
 /home/eastmad/.rvm/gems/ruby-1.9.1-p378/bin/thin:19:in `load'
 /home/eastmad/.rvm/gems/ruby-1.9.1-p378/bin/thin:19:in `<main>'
127.0.0.1 - - [23/May/2011 13:33:33] "GET /developers/activity_day_david.eastman@bt.com.png HTTP/1.1" 500 30 0.0006
Errno::ENOENT - No such file or directory - /home/eastmad/swissarmyknife/four/userdata/user_directory_sizes_david.eastman@bt.com.png@bt.com.html:
 /home/eastmad/swissarmyknife/four/svnstats.rb:17:in `read'
 /home/eastmad/swissarmyknife/four/svnstats.rb:17:in `block in <top (required)>'
 /home/eastmad/.rvm/gems/ruby-1.9.1-p378/gems/sinatra-1.2.6/lib/sinatra/base.rb:1152:in `call'
 /home/eastmad/.rvm/gems/ruby-1.9.1-p378/gems/sinatra-1.2.6/lib/sinatra/base.rb:1152:in `block in compile!'
 /home/eastmad/.rvm/gems/ruby-1.9.1-p378/gems/sinatra-1.2.6/lib/sinatra/base.rb:724:in `instance_eval'
 /home/eastmad/.rvm/gems/ruby-1.9.1-p378/gems/sinatra-1.2.6/lib/sinatra/base.rb:724:in `route_eval'
 /home/eastmad/.rvm/gems/ruby-1.9.1-p378/gems/sinatra-1.2.6/lib/sinatra/base.rb:708:in `block (2 levels) in route!'
 /home/eastmad/.rvm/gems/ruby-1.9.1-p378/gems/sinatra-1.2.6/lib/sinatra/base.rb:758:in `block in process_route'
 /home/eastmad/.rvm/gems/ruby-1.9.1-p378/gems/sinatra-1.2.6/lib/sinatra/base.rb:755:in `catch'
 /home/eastmad/.rvm/gems/ruby-1.9.1-p378/gems/sinatra-1.2.6/lib/sinatra/base.rb:755:in `process_route'
 /home/eastmad/.rvm/gems/ruby-1.9.1-p378/gems/sinatra-1.2.6/lib/sinatra/base.rb:707:in `block in route!'
 /home/eastmad/.rvm/gems/ruby-1.9.1-p378/gems/sinatra-1.2.6/lib/sinatra/base.rb:706:in `each'
 /home/eastmad/.rvm/gems/ruby-1.9.1-p378/gems/sinatra-1.2.6/lib/sinatra/base.rb:706:in `route!'
 /home/eastmad/.rvm/gems/ruby-1.9.1-p378/gems/sinatra-1.2.6/lib/sinatra/base.rb:843:in `dispatch!'
 /home/eastmad/.rvm/gems/ruby-1.9.1-p378/gems/sinatra-1.2.6/lib/sinatra/base.rb:644:in `block in call!'
 /home/eastmad/.rvm/gems/ruby-1.9.1-p378/gems/sinatra-1.2.6/lib/sinatra/base.rb:808:in `instance_eval'
 /home/eastmad/.rvm/gems/ruby-1.9.1-p378/gems/sinatra-1.2.6/lib/sinatra/base.rb:808:in `block in invoke'
 /home/eastmad/.rvm/gems/ruby-1.9.1-p378/gems/sinatra-1.2.6/lib/sinatra/base.rb:808:in `catch'
 /home/eastmad/.rvm/gems/ruby-1.9.1-p378/gems/sinatra-1.2.6/lib/sinatra/base.rb:808:in `invoke'
 /home/eastmad/.rvm/gems/ruby-1.9.1-p378/gems/sinatra-1.2.6/lib/sinatra/base.rb:644:in `call!'
 /home/eastmad/.rvm/gems/ruby-1.9.1-p378/gems/sinatra-1.2.6/lib/sinatra/base.rb:629:in `call'
 /home/eastmad/.rvm/gems/ruby-1.9.1-p378/gems/rack-1.2.1/lib/rack/head.rb:9:in `call'
 /home/eastmad/.rvm/gems/ruby-1.9.1-p378/gems/rack-1.2.1/lib/rack/commonlogger.rb:18:in `call'
 /home/eastmad/.rvm/gems/ruby-1.9.1-p378/gems/rack-1.2.1/lib/rack/methodoverride.rb:24:in `call'
 /home/eastmad/.rvm/gems/ruby-1.9.1-p378/gems/sinatra-1.2.6/lib/sinatra/base.rb:1272:in `block in call'
 /home/eastmad/.rvm/gems/ruby-1.9.1-p378/gems/sinatra-1.2.6/lib/sinatra/base.rb:1303:in `synchronize'
 /home/eastmad/.rvm/gems/ruby-1.9.1-p378/gems/sinatra-1.2.6/lib/sinatra/base.rb:1272:in `call'
 /home/eastmad/.rvm/gems/ruby-1.9.1-p378/gems/thin-1.2.7/lib/thin/connection.rb:76:in `block in pre_process'
 /home/eastmad/.rvm/gems/ruby-1.9.1-p378/gems/thin-1.2.7/lib/thin/connection.rb:74:in `catch'
 /home/eastmad/.rvm/gems/ruby-1.9.1-p378/gems/thin-1.2.7/lib/thin/connection.rb:74:in `pre_process'
 /home/eastmad/.rvm/gems/ruby-1.9.1-p378/gems/thin-1.2.7/lib/thin/connection.rb:57:in `process'
 /home/eastmad/.rvm/gems/ruby-1.9.1-p378/gems/thin-1.2.7/lib/thin/connection.rb:42:in `receive_data'
 /home/eastmad/.rvm/gems/ruby-1.9.1-p378/gems/eventmachine-0.12.10/lib/eventmachine.rb:256:in `run_machine'
 /home/eastmad/.rvm/gems/ruby-1.9.1-p378/gems/eventmachine-0.12.10/lib/eventmachine.rb:256:in `run'
 /home/eastmad/.rvm/gems/ruby-1.9.1-p378/gems/thin-1.2.7/lib/thin/backends/base.rb:57:in `start'
 /home/eastmad/.rvm/gems/ruby-1.9.1-p378/gems/thin-1.2.7/lib/thin/server.rb:156:in `start'
 /home/eastmad/.rvm/gems/ruby-1.9.1-p378/gems/thin-1.2.7/lib/thin/controllers/controller.rb:80:in `start'
 /home/eastmad/.rvm/gems/ruby-1.9.1-p378/gems/thin-1.2.7/lib/thin/runner.rb:177:in `run_command'
 /home/eastmad/.rvm/gems/ruby-1.9.1-p378/gems/thin-1.2.7/lib/thin/runner.rb:143:in `run!'
 /home/eastmad/.rvm/gems/ruby-1.9.1-p378/gems/thin-1.2.7/bin/thin:6:in `<top (required)>'
 /home/eastmad/.rvm/gems/ruby-1.9.1-p378/bin/thin:19:in `load'
 /home/eastmad/.rvm/gems/ruby-1.9.1-p378/bin/thin:19:in `<main>'
127.0.0.1 - - [23/May/2011 13:33:33] "GET /developers/directory_sizes_david.eastman@bt.com.png HTTP/1.1" 500 30 0.0006
127.0.0.1 - - [23/May/2011 13:33:47] "GET /developers/priyesh.shah HTTP/1.1" 200 6056 0.0010
Errno::ENOENT - No such file or directory - /home/eastmad/swissarmyknife/four/userdata/user_objectlab-statcvs.css@bt.com.html:
 /home/eastmad/swissarmyknife/four/svnstats.rb:17:in `read'
 /home/eastmad/swissarmyknife/four/svnstats.rb:17:in `block in <top (required)>'
 /home/eastmad/.rvm/gems/ruby-1.9.1-p378/gems/sinatra-1.2.6/lib/sinatra/base.rb:1152:in `call'
 /home/eastmad/.rvm/gems/ruby-1.9.1-p378/gems/sinatra-1.2.6/lib/sinatra/base.rb:1152:in `block in compile!'
 /home/eastmad/.rvm/gems/ruby-1.9.1-p378/gems/sinatra-1.2.6/lib/sinatra/base.rb:724:in `instance_eval'
 /home/eastmad/.rvm/gems/ruby-1.9.1-p378/gems/sinatra-1.2.6/lib/sinatra/base.rb:724:in `route_eval'
 /home/eastmad/.rvm/gems/ruby-1.9.1-p378/gems/sinatra-1.2.6/lib/sinatra/base.rb:708:in `block (2 levels) in route!'
 /home/eastmad/.rvm/gems/ruby-1.9.1-p378/gems/sinatra-1.2.6/lib/sinatra/base.rb:758:in `block in process_route'
 /home/eastmad/.rvm/gems/ruby-1.9.1-p378/gems/sinatra-1.2.6/lib/sinatra/base.rb:755:in `catch'
 /home/eastmad/.rvm/gems/ruby-1.9.1-p378/gems/sinatra-1.2.6/lib/sinatra/base.rb:755:in `process_route'
 /home/eastmad/.rvm/gems/ruby-1.9.1-p378/gems/sinatra-1.2.6/lib/sinatra/base.rb:707:in `block in route!'
 /home/eastmad/.rvm/gems/ruby-1.9.1-p378/gems/sinatra-1.2.6/lib/sinatra/base.rb:706:in `each'
 /home/eastmad/.rvm/gems/ruby-1.9.1-p378/gems/sinatra-1.2.6/lib/sinatra/base.rb:706:in `route!'
 /home/eastmad/.rvm/gems/ruby-1.9.1-p378/gems/sinatra-1.2.6/lib/sinatra/base.rb:843:in `dispatch!'
 /home/eastmad/.rvm/gems/ruby-1.9.1-p378/gems/sinatra-1.2.6/lib/sinatra/base.rb:644:in `block in call!'
 /home/eastmad/.rvm/gems/ruby-1.9.1-p378/gems/sinatra-1.2.6/lib/sinatra/base.rb:808:in `instance_eval'
 /home/eastmad/.rvm/gems/ruby-1.9.1-p378/gems/sinatra-1.2.6/lib/sinatra/base.rb:808:in `block in invoke'
 /home/eastmad/.rvm/gems/ruby-1.9.1-p378/gems/sinatra-1.2.6/lib/sinatra/base.rb:808:in `catch'
 /home/eastmad/.rvm/gems/ruby-1.9.1-p378/gems/sinatra-1.2.6/lib/sinatra/base.rb:808:in `invoke'
 /home/eastmad/.rvm/gems/ruby-1.9.1-p378/gems/sinatra-1.2.6/lib/sinatra/base.rb:644:in `call!'
 /home/eastmad/.rvm/gems/ruby-1.9.1-p378/gems/sinatra-1.2.6/lib/sinatra/base.rb:629:in `call'
 /home/eastmad/.rvm/gems/ruby-1.9.1-p378/gems/rack-1.2.1/lib/rack/head.rb:9:in `call'
 /home/eastmad/.rvm/gems/ruby-1.9.1-p378/gems/rack-1.2.1/lib/rack/commonlogger.rb:18:in `call'
 /home/eastmad/.rvm/gems/ruby-1.9.1-p378/gems/rack-1.2.1/lib/rack/methodoverride.rb:24:in `call'
 /home/eastmad/.rvm/gems/ruby-1.9.1-p378/gems/sinatra-1.2.6/lib/sinatra/base.rb:1272:in `block in call'
 /home/eastmad/.rvm/gems/ruby-1.9.1-p378/gems/sinatra-1.2.6/lib/sinatra/base.rb:1303:in `synchronize'
 /home/eastmad/.rvm/gems/ruby-1.9.1-p378/gems/sinatra-1.2.6/lib/sinatra/base.rb:1272:in `call'
 /home/eastmad/.rvm/gems/ruby-1.9.1-p378/gems/thin-1.2.7/lib/thin/connection.rb:76:in `block in pre_process'
 /home/eastmad/.rvm/gems/ruby-1.9.1-p378/gems/thin-1.2.7/lib/thin/connection.rb:74:in `catch'
 /home/eastmad/.rvm/gems/ruby-1.9.1-p378/gems/thin-1.2.7/lib/thin/connection.rb:74:in `pre_process'
 /home/eastmad/.rvm/gems/ruby-1.9.1-p378/gems/thin-1.2.7/lib/thin/connection.rb:57:in `process'
 /home/eastmad/.rvm/gems/ruby-1.9.1-p378/gems/thin-1.2.7/lib/thin/connection.rb:42:in `receive_data'
 /home/eastmad/.rvm/gems/ruby-1.9.1-p378/gems/eventmachine-0.12.10/lib/eventmachine.rb:256:in `run_machine'
 /home/eastmad/.rvm/gems/ruby-1.9.1-p378/gems/eventmachine-0.12.10/lib/eventmachine.rb:256:in `run'
 /home/eastmad/.rvm/gems/ruby-1.9.1-p378/gems/thin-1.2.7/lib/thin/backends/base.rb:57:in `start'
 /home/eastmad/.rvm/gems/ruby-1.9.1-p378/gems/thin-1.2.7/lib/thin/server.rb:156:in `start'
 /home/eastmad/.rvm/gems/ruby-1.9.1-p378/gems/thin-1.2.7/lib/thin/controllers/controller.rb:80:in `start'
 /home/eastmad/.rvm/gems/ruby-1.9.1-p378/gems/thin-1.2.7/lib/thin/runner.rb:177:in `run_command'
 /home/eastmad/.rvm/gems/ruby-1.9.1-p378/gems/thin-1.2.7/lib/thin/runner.rb:143:in `run!'
 /home/eastmad/.rvm/gems/ruby-1.9.1-p378/gems/thin-1.2.7/bin/thin:6:in `<top (required)>'
 /home/eastmad/.rvm/gems/ruby-1.9.1-p378/bin/thin:19:in `load'
 /home/eastmad/.rvm/gems/ruby-1.9.1-p378/bin/thin:19:in `<main>'
127.0.0.1 - - [23/May/2011 13:33:47] "GET /developers/objectlab-statcvs.css HTTP/1.1" 500 30 0.0009
Errno::ENOENT - No such file or directory - /home/eastmad/swissarmyknife/four/userdata/user_activity_time_priyesh.shah@bt.com.png@bt.com.html:
 /home/eastmad/swissarmyknife/four/svnstats.rb:17:in `read'
 /home/eastmad/swissarmyknife/four/svnstats.rb:17:in `block in <top (required)>'
 /home/eastmad/.rvm/gems/ruby-1.9.1-p378/gems/sinatra-1.2.6/lib/sinatra/base.rb:1152:in `call'
 /home/eastmad/.rvm/gems/ruby-1.9.1-p378/gems/sinatra-1.2.6/lib/sinatra/base.rb:1152:in `block in compile!'
 /home/eastmad/.rvm/gems/ruby-1.9.1-p378/gems/sinatra-1.2.6/lib/sinatra/base.rb:724:in `instance_eval'
 /home/eastmad/.rvm/gems/ruby-1.9.1-p378/gems/sinatra-1.2.6/lib/sinatra/base.rb:724:in `route_eval'
 /home/eastmad/.rvm/gems/ruby-1.9.1-p378/gems/sinatra-1.2.6/lib/sinatra/base.rb:708:in `block (2 levels) in route!'
 /home/eastmad/.rvm/gems/ruby-1.9.1-p378/gems/sinatra-1.2.6/lib/sinatra/base.rb:758:in `block in process_route'
 /home/eastmad/.rvm/gems/ruby-1.9.1-p378/gems/sinatra-1.2.6/lib/sinatra/base.rb:755:in `catch'
 /home/eastmad/.rvm/gems/ruby-1.9.1-p378/gems/sinatra-1.2.6/lib/sinatra/base.rb:755:in `process_route'
 /home/eastmad/.rvm/gems/ruby-1.9.1-p378/gems/sinatra-1.2.6/lib/sinatra/base.rb:707:in `block in route!'
 /home/eastmad/.rvm/gems/ruby-1.9.1-p378/gems/sinatra-1.2.6/lib/sinatra/base.rb:706:in `each'
 /home/eastmad/.rvm/gems/ruby-1.9.1-p378/gems/sinatra-1.2.6/lib/sinatra/base.rb:706:in `route!'
 /home/eastmad/.rvm/gems/ruby-1.9.1-p378/gems/sinatra-1.2.6/lib/sinatra/base.rb:843:in `dispatch!'
 /home/eastmad/.rvm/gems/ruby-1.9.1-p378/gems/sinatra-1.2.6/lib/sinatra/base.rb:644:in `block in call!'
 /home/eastmad/.rvm/gems/ruby-1.9.1-p378/gems/sinatra-1.2.6/lib/sinatra/base.rb:808:in `instance_eval'
 /home/eastmad/.rvm/gems/ruby-1.9.1-p378/gems/sinatra-1.2.6/lib/sinatra/base.rb:808:in `block in invoke'
 /home/eastmad/.rvm/gems/ruby-1.9.1-p378/gems/sinatra-1.2.6/lib/sinatra/base.rb:808:in `catch'
 /home/eastmad/.rvm/gems/ruby-1.9.1-p378/gems/sinatra-1.2.6/lib/sinatra/base.rb:808:in `invoke'
 /home/eastmad/.rvm/gems/ruby-1.9.1-p378/gems/sinatra-1.2.6/lib/sinatra/base.rb:644:in `call!'
 /home/eastmad/.rvm/gems/ruby-1.9.1-p378/gems/sinatra-1.2.6/lib/sinatra/base.rb:629:in `call'
 /home/eastmad/.rvm/gems/ruby-1.9.1-p378/gems/rack-1.2.1/lib/rack/head.rb:9:in `call'
 /home/eastmad/.rvm/gems/ruby-1.9.1-p378/gems/rack-1.2.1/lib/rack/commonlogger.rb:18:in `call'
 /home/eastmad/.rvm/gems/ruby-1.9.1-p378/gems/rack-1.2.1/lib/rack/methodoverride.rb:24:in `call'
 /home/eastmad/.rvm/gems/ruby-1.9.1-p378/gems/sinatra-1.2.6/lib/sinatra/base.rb:1272:in `block in call'
 /home/eastmad/.rvm/gems/ruby-1.9.1-p378/gems/sinatra-1.2.6/lib/sinatra/base.rb:1303:in `synchronize'
 /home/eastmad/.rvm/gems/ruby-1.9.1-p378/gems/sinatra-1.2.6/lib/sinatra/base.rb:1272:in `call'
 /home/eastmad/.rvm/gems/ruby-1.9.1-p378/gems/thin-1.2.7/lib/thin/connection.rb:76:in `block in pre_process'
 /home/eastmad/.rvm/gems/ruby-1.9.1-p378/gems/thin-1.2.7/lib/thin/connection.rb:74:in `catch'
 /home/eastmad/.rvm/gems/ruby-1.9.1-p378/gems/thin-1.2.7/lib/thin/connection.rb:74:in `pre_process'
 /home/eastmad/.rvm/gems/ruby-1.9.1-p378/gems/thin-1.2.7/lib/thin/connection.rb:57:in `process'
 /home/eastmad/.rvm/gems/ruby-1.9.1-p378/gems/thin-1.2.7/lib/thin/connection.rb:42:in `receive_data'
 /home/eastmad/.rvm/gems/ruby-1.9.1-p378/gems/eventmachine-0.12.10/lib/eventmachine.rb:256:in `run_machine'
 /home/eastmad/.rvm/gems/ruby-1.9.1-p378/gems/eventmachine-0.12.10/lib/eventmachine.rb:256:in `run'
 /home/eastmad/.rvm/gems/ruby-1.9.1-p378/gems/thin-1.2.7/lib/thin/backends/base.rb:57:in `start'
 /home/eastmad/.rvm/gems/ruby-1.9.1-p378/gems/thin-1.2.7/lib/thin/server.rb:156:in `start'
 /home/eastmad/.rvm/gems/ruby-1.9.1-p378/gems/thin-1.2.7/lib/thin/controllers/controller.rb:80:in `start'
 /home/eastmad/.rvm/gems/ruby-1.9.1-p378/gems/thin-1.2.7/lib/thin/runner.rb:177:in `run_command'
 /home/eastmad/.rvm/gems/ruby-1.9.1-p378/gems/thin-1.2.7/lib/thin/runner.rb:143:in `run!'
 /home/eastmad/.rvm/gems/ruby-1.9.1-p378/gems/thin-1.2.7/bin/thin:6:in `<top (required)>'
 /home/eastmad/.rvm/gems/ruby-1.9.1-p378/bin/thin:19:in `load'
 /home/eastmad/.rvm/gems/ruby-1.9.1-p378/bin/thin:19:in `<main>'
127.0.0.1 - - [23/May/2011 13:33:47] "GET /developers/activity_time_priyesh.shah@bt.com.png HTTP/1.1" 500 30 0.0006
Errno::ENOENT - No such file or directory - /home/eastmad/swissarmyknife/four/userdata/user_activity_day_priyesh.shah@bt.com.png@bt.com.html:
 /home/eastmad/swissarmyknife/four/svnstats.rb:17:in `read'
 /home/eastmad/swissarmyknife/four/svnstats.rb:17:in `block in <top (required)>'
 /home/eastmad/.rvm/gems/ruby-1.9.1-p378/gems/sinatra-1.2.6/lib/sinatra/base.rb:1152:in `call'
 /home/eastmad/.rvm/gems/ruby-1.9.1-p378/gems/sinatra-1.2.6/lib/sinatra/base.rb:1152:in `block in compile!'
 /home/eastmad/.rvm/gems/ruby-1.9.1-p378/gems/sinatra-1.2.6/lib/sinatra/base.rb:724:in `instance_eval'
 /home/eastmad/.rvm/gems/ruby-1.9.1-p378/gems/sinatra-1.2.6/lib/sinatra/base.rb:724:in `route_eval'
 /home/eastmad/.rvm/gems/ruby-1.9.1-p378/gems/sinatra-1.2.6/lib/sinatra/base.rb:708:in `block (2 levels) in route!'
 /home/eastmad/.rvm/gems/ruby-1.9.1-p378/gems/sinatra-1.2.6/lib/sinatra/base.rb:758:in `block in process_route'
 /home/eastmad/.rvm/gems/ruby-1.9.1-p378/gems/sinatra-1.2.6/lib/sinatra/base.rb:755:in `catch'
 /home/eastmad/.rvm/gems/ruby-1.9.1-p378/gems/sinatra-1.2.6/lib/sinatra/base.rb:755:in `process_route'
 /home/eastmad/.rvm/gems/ruby-1.9.1-p378/gems/sinatra-1.2.6/lib/sinatra/base.rb:707:in `block in route!'
 /home/eastmad/.rvm/gems/ruby-1.9.1-p378/gems/sinatra-1.2.6/lib/sinatra/base.rb:706:in `each'
 /home/eastmad/.rvm/gems/ruby-1.9.1-p378/gems/sinatra-1.2.6/lib/sinatra/base.rb:706:in `route!'
 /home/eastmad/.rvm/gems/ruby-1.9.1-p378/gems/sinatra-1.2.6/lib/sinatra/base.rb:843:in `dispatch!'
 /home/eastmad/.rvm/gems/ruby-1.9.1-p378/gems/sinatra-1.2.6/lib/sinatra/base.rb:644:in `block in call!'
 /home/eastmad/.rvm/gems/ruby-1.9.1-p378/gems/sinatra-1.2.6/lib/sinatra/base.rb:808:in `instance_eval'
 /home/eastmad/.rvm/gems/ruby-1.9.1-p378/gems/sinatra-1.2.6/lib/sinatra/base.rb:808:in `block in invoke'
 /home/eastmad/.rvm/gems/ruby-1.9.1-p378/gems/sinatra-1.2.6/lib/sinatra/base.rb:808:in `catch'
 /home/eastmad/.rvm/gems/ruby-1.9.1-p378/gems/sinatra-1.2.6/lib/sinatra/base.rb:808:in `invoke'
 /home/eastmad/.rvm/gems/ruby-1.9.1-p378/gems/sinatra-1.2.6/lib/sinatra/base.rb:644:in `call!'
 /home/eastmad/.rvm/gems/ruby-1.9.1-p378/gems/sinatra-1.2.6/lib/sinatra/base.rb:629:in `call'
 /home/eastmad/.rvm/gems/ruby-1.9.1-p378/gems/rack-1.2.1/lib/rack/head.rb:9:in `call'
 /home/eastmad/.rvm/gems/ruby-1.9.1-p378/gems/rack-1.2.1/lib/rack/commonlogger.rb:18:in `call'
 /home/eastmad/.rvm/gems/ruby-1.9.1-p378/gems/rack-1.2.1/lib/rack/methodoverride.rb:24:in `call'
 /home/eastmad/.rvm/gems/ruby-1.9.1-p378/gems/sinatra-1.2.6/lib/sinatra/base.rb:1272:in `block in call'
 /home/eastmad/.rvm/gems/ruby-1.9.1-p378/gems/sinatra-1.2.6/lib/sinatra/base.rb:1303:in `synchronize'
 /home/eastmad/.rvm/gems/ruby-1.9.1-p378/gems/sinatra-1.2.6/lib/sinatra/base.rb:1272:in `call'
 /home/eastmad/.rvm/gems/ruby-1.9.1-p378/gems/thin-1.2.7/lib/thin/connection.rb:76:in `block in pre_process'
 /home/eastmad/.rvm/gems/ruby-1.9.1-p378/gems/thin-1.2.7/lib/thin/connection.rb:74:in `catch'
 /home/eastmad/.rvm/gems/ruby-1.9.1-p378/gems/thin-1.2.7/lib/thin/connection.rb:74:in `pre_process'
 /home/eastmad/.rvm/gems/ruby-1.9.1-p378/gems/thin-1.2.7/lib/thin/connection.rb:57:in `process'
 /home/eastmad/.rvm/gems/ruby-1.9.1-p378/gems/thin-1.2.7/lib/thin/connection.rb:42:in `receive_data'
 /home/eastmad/.rvm/gems/ruby-1.9.1-p378/gems/eventmachine-0.12.10/lib/eventmachine.rb:256:in `run_machine'
 /home/eastmad/.rvm/gems/ruby-1.9.1-p378/gems/eventmachine-0.12.10/lib/eventmachine.rb:256:in `run'
 /home/eastmad/.rvm/gems/ruby-1.9.1-p378/gems/thin-1.2.7/lib/thin/backends/base.rb:57:in `start'
 /home/eastmad/.rvm/gems/ruby-1.9.1-p378/gems/thin-1.2.7/lib/thin/server.rb:156:in `start'
 /home/eastmad/.rvm/gems/ruby-1.9.1-p378/gems/thin-1.2.7/lib/thin/controllers/controller.rb:80:in `start'
 /home/eastmad/.rvm/gems/ruby-1.9.1-p378/gems/thin-1.2.7/lib/thin/runner.rb:177:in `run_command'
 /home/eastmad/.rvm/gems/ruby-1.9.1-p378/gems/thin-1.2.7/lib/thin/runner.rb:143:in `run!'
 /home/eastmad/.rvm/gems/ruby-1.9.1-p378/gems/thin-1.2.7/bin/thin:6:in `<top (required)>'
 /home/eastmad/.rvm/gems/ruby-1.9.1-p378/bin/thin:19:in `load'
 /home/eastmad/.rvm/gems/ruby-1.9.1-p378/bin/thin:19:in `<main>'
127.0.0.1 - - [23/May/2011 13:33:47] "GET /developers/activity_day_priyesh.shah@bt.com.png HTTP/1.1" 500 30 0.0006
Errno::ENOENT - No such file or directory - /home/eastmad/swissarmyknife/four/userdata/user_directory_sizes_priyesh.shah@bt.com.png@bt.com.html:
 /home/eastmad/swissarmyknife/four/svnstats.rb:17:in `read'
 /home/eastmad/swissarmyknife/four/svnstats.rb:17:in `block in <top (required)>'
 /home/eastmad/.rvm/gems/ruby-1.9.1-p378/gems/sinatra-1.2.6/lib/sinatra/base.rb:1152:in `call'
 /home/eastmad/.rvm/gems/ruby-1.9.1-p378/gems/sinatra-1.2.6/lib/sinatra/base.rb:1152:in `block in compile!'
 /home/eastmad/.rvm/gems/ruby-1.9.1-p378/gems/sinatra-1.2.6/lib/sinatra/base.rb:724:in `instance_eval'
 /home/eastmad/.rvm/gems/ruby-1.9.1-p378/gems/sinatra-1.2.6/lib/sinatra/base.rb:724:in `route_eval'
 /home/eastmad/.rvm/gems/ruby-1.9.1-p378/gems/sinatra-1.2.6/lib/sinatra/base.rb:708:in `block (2 levels) in route!'
 /home/eastmad/.rvm/gems/ruby-1.9.1-p378/gems/sinatra-1.2.6/lib/sinatra/base.rb:758:in `block in process_route'
 /home/eastmad/.rvm/gems/ruby-1.9.1-p378/gems/sinatra-1.2.6/lib/sinatra/base.rb:755:in `catch'
 /home/eastmad/.rvm/gems/ruby-1.9.1-p378/gems/sinatra-1.2.6/lib/sinatra/base.rb:755:in `process_route'
 /home/eastmad/.rvm/gems/ruby-1.9.1-p378/gems/sinatra-1.2.6/lib/sinatra/base.rb:707:in `block in route!'
 /home/eastmad/.rvm/gems/ruby-1.9.1-p378/gems/sinatra-1.2.6/lib/sinatra/base.rb:706:in `each'
 /home/eastmad/.rvm/gems/ruby-1.9.1-p378/gems/sinatra-1.2.6/lib/sinatra/base.rb:706:in `route!'
 /home/eastmad/.rvm/gems/ruby-1.9.1-p378/gems/sinatra-1.2.6/lib/sinatra/base.rb:843:in `dispatch!'
 /home/eastmad/.rvm/gems/ruby-1.9.1-p378/gems/sinatra-1.2.6/lib/sinatra/base.rb:644:in `block in call!'
 /home/eastmad/.rvm/gems/ruby-1.9.1-p378/gems/sinatra-1.2.6/lib/sinatra/base.rb:808:in `instance_eval'
 /home/eastmad/.rvm/gems/ruby-1.9.1-p378/gems/sinatra-1.2.6/lib/sinatra/base.rb:808:in `block in invoke'
 /home/eastmad/.rvm/gems/ruby-1.9.1-p378/gems/sinatra-1.2.6/lib/sinatra/base.rb:808:in `catch'
 /home/eastmad/.rvm/gems/ruby-1.9.1-p378/gems/sinatra-1.2.6/lib/sinatra/base.rb:808:in `invoke'
 /home/eastmad/.rvm/gems/ruby-1.9.1-p378/gems/sinatra-1.2.6/lib/sinatra/base.rb:644:in `call!'
 /home/eastmad/.rvm/gems/ruby-1.9.1-p378/gems/sinatra-1.2.6/lib/sinatra/base.rb:629:in `call'
 /home/eastmad/.rvm/gems/ruby-1.9.1-p378/gems/rack-1.2.1/lib/rack/head.rb:9:in `call'
 /home/eastmad/.rvm/gems/ruby-1.9.1-p378/gems/rack-1.2.1/lib/rack/commonlogger.rb:18:in `call'
 /home/eastmad/.rvm/gems/ruby-1.9.1-p378/gems/rack-1.2.1/lib/rack/methodoverride.rb:24:in `call'
 /home/eastmad/.rvm/gems/ruby-1.9.1-p378/gems/sinatra-1.2.6/lib/sinatra/base.rb:1272:in `block in call'
 /home/eastmad/.rvm/gems/ruby-1.9.1-p378/gems/sinatra-1.2.6/lib/sinatra/base.rb:1303:in `synchronize'
 /home/eastmad/.rvm/gems/ruby-1.9.1-p378/gems/sinatra-1.2.6/lib/sinatra/base.rb:1272:in `call'
 /home/eastmad/.rvm/gems/ruby-1.9.1-p378/gems/thin-1.2.7/lib/thin/connection.rb:76:in `block in pre_process'
 /home/eastmad/.rvm/gems/ruby-1.9.1-p378/gems/thin-1.2.7/lib/thin/connection.rb:74:in `catch'
 /home/eastmad/.rvm/gems/ruby-1.9.1-p378/gems/thin-1.2.7/lib/thin/connection.rb:74:in `pre_process'
 /home/eastmad/.rvm/gems/ruby-1.9.1-p378/gems/thin-1.2.7/lib/thin/connection.rb:57:in `process'
 /home/eastmad/.rvm/gems/ruby-1.9.1-p378/gems/thin-1.2.7/lib/thin/connection.rb:42:in `receive_data'
 /home/eastmad/.rvm/gems/ruby-1.9.1-p378/gems/eventmachine-0.12.10/lib/eventmachine.rb:256:in `run_machine'
 /home/eastmad/.rvm/gems/ruby-1.9.1-p378/gems/eventmachine-0.12.10/lib/eventmachine.rb:256:in `run'
 /home/eastmad/.rvm/gems/ruby-1.9.1-p378/gems/thin-1.2.7/lib/thin/backends/base.rb:57:in `start'
 /home/eastmad/.rvm/gems/ruby-1.9.1-p378/gems/thin-1.2.7/lib/thin/server.rb:156:in `start'
 /home/eastmad/.rvm/gems/ruby-1.9.1-p378/gems/thin-1.2.7/lib/thin/controllers/controller.rb:80:in `start'
 /home/eastmad/.rvm/gems/ruby-1.9.1-p378/gems/thin-1.2.7/lib/thin/runner.rb:177:in `run_command'
 /home/eastmad/.rvm/gems/ruby-1.9.1-p378/gems/thin-1.2.7/lib/thin/runner.rb:143:in `run!'
 /home/eastmad/.rvm/gems/ruby-1.9.1-p378/gems/thin-1.2.7/bin/thin:6:in `<top (required)>'
 /home/eastmad/.rvm/gems/ruby-1.9.1-p378/bin/thin:19:in `load'
 /home/eastmad/.rvm/gems/ruby-1.9.1-p378/bin/thin:19:in `<main>'
127.0.0.1 - - [23/May/2011 13:33:47] "GET /developers/directory_sizes_priyesh.shah@bt.com.png HTTP/1.1" 500 30 0.0006
>> Writing PID to thin.4567.pid
>> Changing process privilege to eastmad:eastmad
>> Exiting!
rackup.ru:10:in `require_relative': cannot infer basepath (LoadError)
	from rackup.ru:10:in `block in <main>'
	from /home/eastmad/.rvm/gems/ruby-1.9.2-p180/gems/rack-1.2.1/lib/rack/builder.rb:46:in `instance_eval'
	from /home/eastmad/.rvm/gems/ruby-1.9.2-p180/gems/rack-1.2.1/lib/rack/builder.rb:46:in `initialize'
	from rackup.ru:1:in `new'
	from rackup.ru:1:in `<main>'
	from /home/eastmad/.rvm/gems/ruby-1.9.2-p180/gems/thin-1.2.7/lib/rack/adapter/loader.rb:36:in `eval'
	from /home/eastmad/.rvm/gems/ruby-1.9.2-p180/gems/thin-1.2.7/lib/rack/adapter/loader.rb:36:in `load'
	from /home/eastmad/.rvm/gems/ruby-1.9.2-p180/gems/thin-1.2.7/lib/thin/controllers/controller.rb:175:in `load_rackup_config'
	from /home/eastmad/.rvm/gems/ruby-1.9.2-p180/gems/thin-1.2.7/lib/thin/controllers/controller.rb:65:in `start'
	from /home/eastmad/.rvm/gems/ruby-1.9.2-p180/gems/thin-1.2.7/lib/thin/runner.rb:177:in `run_command'
	from /home/eastmad/.rvm/gems/ruby-1.9.2-p180/gems/thin-1.2.7/lib/thin/runner.rb:143:in `run!'
	from /home/eastmad/.rvm/gems/ruby-1.9.2-p180/gems/thin-1.2.7/bin/thin:6:in `<top (required)>'
	from /home/eastmad/.rvm/gems/ruby-1.9.2-p180/bin/thin:19:in `load'
	from /home/eastmad/.rvm/gems/ruby-1.9.2-p180/bin/thin:19:in `<main>'
>> Writing PID to thin.4567.pid
>> Changing process privilege to eastmad:eastmad
>> Exiting!
rackup.ru:10:in `require_relative': cannot infer basepath (LoadError)
	from rackup.ru:10:in `block in <main>'
	from /home/eastmad/.rvm/gems/ruby-1.9.2-p180/gems/rack-1.2.1/lib/rack/builder.rb:46:in `instance_eval'
	from /home/eastmad/.rvm/gems/ruby-1.9.2-p180/gems/rack-1.2.1/lib/rack/builder.rb:46:in `initialize'
	from rackup.ru:1:in `new'
	from rackup.ru:1:in `<main>'
	from /home/eastmad/.rvm/gems/ruby-1.9.2-p180/gems/thin-1.2.7/lib/rack/adapter/loader.rb:36:in `eval'
	from /home/eastmad/.rvm/gems/ruby-1.9.2-p180/gems/thin-1.2.7/lib/rack/adapter/loader.rb:36:in `load'
	from /home/eastmad/.rvm/gems/ruby-1.9.2-p180/gems/thin-1.2.7/lib/thin/controllers/controller.rb:175:in `load_rackup_config'
	from /home/eastmad/.rvm/gems/ruby-1.9.2-p180/gems/thin-1.2.7/lib/thin/controllers/controller.rb:65:in `start'
	from /home/eastmad/.rvm/gems/ruby-1.9.2-p180/gems/thin-1.2.7/lib/thin/runner.rb:177:in `run_command'
	from /home/eastmad/.rvm/gems/ruby-1.9.2-p180/gems/thin-1.2.7/lib/thin/runner.rb:143:in `run!'
	from /home/eastmad/.rvm/gems/ruby-1.9.2-p180/gems/thin-1.2.7/bin/thin:6:in `<top (required)>'
	from /home/eastmad/.rvm/gems/ruby-1.9.2-p180/bin/thin:19:in `load'
	from /home/eastmad/.rvm/gems/ruby-1.9.2-p180/bin/thin:19:in `<main>'
>> Writing PID to thin.4567.pid
>> Changing process privilege to eastmad:eastmad
>> Thin web server (v1.2.7 codename No Hup)
>> Maximum connections set to 1024
>> Listening on 127.0.0.1:4567, CTRL+C to stop
127.0.0.1 - - [13/Aug/2011 21:51:22] "GET / HTTP/1.1" 200 15 0.0020
>> Writing PID to thin.4567.pid
>> Changing process privilege to eastmad:eastmad
>> Thin web server (v1.2.7 codename No Hup)
>> Maximum connections set to 1024
>> Listening on 127.0.0.1:4567, CTRL+C to stop
127.0.0.1 - - [13/Aug/2011 22:17:04] "GET /developers HTTP/1.1" 404 18 0.0023
127.0.0.1 - - [13/Aug/2011 22:17:10] "GET / HTTP/1.1" 200 15 0.0005
Errno::ENOENT - No such file or directory - /home/eastmad/swissarmyknife/four/userdata/user_david.eastman@bt.com.html:
 /home/eastmad/swissarmyknife/four/svnstats.rb:17:in `read'
 /home/eastmad/swissarmyknife/four/svnstats.rb:17:in `block in <top (required)>'
 /home/eastmad/.rvm/gems/ruby-1.9.2-p180/gems/sinatra-1.2.6/lib/sinatra/base.rb:1152:in `call'
 /home/eastmad/.rvm/gems/ruby-1.9.2-p180/gems/sinatra-1.2.6/lib/sinatra/base.rb:1152:in `block in compile!'
 /home/eastmad/.rvm/gems/ruby-1.9.2-p180/gems/sinatra-1.2.6/lib/sinatra/base.rb:724:in `instance_eval'
 /home/eastmad/.rvm/gems/ruby-1.9.2-p180/gems/sinatra-1.2.6/lib/sinatra/base.rb:724:in `route_eval'
 /home/eastmad/.rvm/gems/ruby-1.9.2-p180/gems/sinatra-1.2.6/lib/sinatra/base.rb:708:in `block (2 levels) in route!'
 /home/eastmad/.rvm/gems/ruby-1.9.2-p180/gems/sinatra-1.2.6/lib/sinatra/base.rb:758:in `block in process_route'
 /home/eastmad/.rvm/gems/ruby-1.9.2-p180/gems/sinatra-1.2.6/lib/sinatra/base.rb:755:in `catch'
 /home/eastmad/.rvm/gems/ruby-1.9.2-p180/gems/sinatra-1.2.6/lib/sinatra/base.rb:755:in `process_route'
 /home/eastmad/.rvm/gems/ruby-1.9.2-p180/gems/sinatra-1.2.6/lib/sinatra/base.rb:707:in `block in route!'
 /home/eastmad/.rvm/gems/ruby-1.9.2-p180/gems/sinatra-1.2.6/lib/sinatra/base.rb:706:in `each'
 /home/eastmad/.rvm/gems/ruby-1.9.2-p180/gems/sinatra-1.2.6/lib/sinatra/base.rb:706:in `route!'
 /home/eastmad/.rvm/gems/ruby-1.9.2-p180/gems/sinatra-1.2.6/lib/sinatra/base.rb:843:in `dispatch!'
 /home/eastmad/.rvm/gems/ruby-1.9.2-p180/gems/sinatra-1.2.6/lib/sinatra/base.rb:644:in `block in call!'
 /home/eastmad/.rvm/gems/ruby-1.9.2-p180/gems/sinatra-1.2.6/lib/sinatra/base.rb:808:in `instance_eval'
 /home/eastmad/.rvm/gems/ruby-1.9.2-p180/gems/sinatra-1.2.6/lib/sinatra/base.rb:808:in `block in invoke'
 /home/eastmad/.rvm/gems/ruby-1.9.2-p180/gems/sinatra-1.2.6/lib/sinatra/base.rb:808:in `catch'
 /home/eastmad/.rvm/gems/ruby-1.9.2-p180/gems/sinatra-1.2.6/lib/sinatra/base.rb:808:in `invoke'
 /home/eastmad/.rvm/gems/ruby-1.9.2-p180/gems/sinatra-1.2.6/lib/sinatra/base.rb:644:in `call!'
 /home/eastmad/.rvm/gems/ruby-1.9.2-p180/gems/sinatra-1.2.6/lib/sinatra/base.rb:629:in `call'
 /home/eastmad/.rvm/gems/ruby-1.9.2-p180/gems/rack-1.2.1/lib/rack/head.rb:9:in `call'
 /home/eastmad/.rvm/gems/ruby-1.9.2-p180/gems/rack-1.2.1/lib/rack/commonlogger.rb:18:in `call'
 /home/eastmad/.rvm/gems/ruby-1.9.2-p180/gems/rack-1.2.1/lib/rack/methodoverride.rb:24:in `call'
 /home/eastmad/.rvm/gems/ruby-1.9.2-p180/gems/sinatra-1.2.6/lib/sinatra/base.rb:1272:in `block in call'
 /home/eastmad/.rvm/gems/ruby-1.9.2-p180/gems/sinatra-1.2.6/lib/sinatra/base.rb:1303:in `synchronize'
 /home/eastmad/.rvm/gems/ruby-1.9.2-p180/gems/sinatra-1.2.6/lib/sinatra/base.rb:1272:in `call'
 /home/eastmad/.rvm/gems/ruby-1.9.2-p180/gems/thin-1.2.7/lib/thin/connection.rb:76:in `block in pre_process'
 /home/eastmad/.rvm/gems/ruby-1.9.2-p180/gems/thin-1.2.7/lib/thin/connection.rb:74:in `catch'
 /home/eastmad/.rvm/gems/ruby-1.9.2-p180/gems/thin-1.2.7/lib/thin/connection.rb:74:in `pre_process'
 /home/eastmad/.rvm/gems/ruby-1.9.2-p180/gems/thin-1.2.7/lib/thin/connection.rb:57:in `process'
 /home/eastmad/.rvm/gems/ruby-1.9.2-p180/gems/thin-1.2.7/lib/thin/connection.rb:42:in `receive_data'
 /home/eastmad/.rvm/gems/ruby-1.9.2-p180/gems/eventmachine-0.12.10/lib/eventmachine.rb:256:in `run_machine'
 /home/eastmad/.rvm/gems/ruby-1.9.2-p180/gems/eventmachine-0.12.10/lib/eventmachine.rb:256:in `run'
 /home/eastmad/.rvm/gems/ruby-1.9.2-p180/gems/thin-1.2.7/lib/thin/backends/base.rb:57:in `start'
 /home/eastmad/.rvm/gems/ruby-1.9.2-p180/gems/thin-1.2.7/lib/thin/server.rb:156:in `start'
 /home/eastmad/.rvm/gems/ruby-1.9.2-p180/gems/thin-1.2.7/lib/thin/controllers/controller.rb:80:in `start'
 /home/eastmad/.rvm/gems/ruby-1.9.2-p180/gems/thin-1.2.7/lib/thin/runner.rb:177:in `run_command'
 /home/eastmad/.rvm/gems/ruby-1.9.2-p180/gems/thin-1.2.7/lib/thin/runner.rb:143:in `run!'
 /home/eastmad/.rvm/gems/ruby-1.9.2-p180/gems/thin-1.2.7/bin/thin:6:in `<top (required)>'
 /home/eastmad/.rvm/gems/ruby-1.9.2-p180/bin/thin:19:in `load'
 /home/eastmad/.rvm/gems/ruby-1.9.2-p180/bin/thin:19:in `<main>'
127.0.0.1 - - [13/Aug/2011 22:17:33] "GET /developers/david.eastman HTTP/1.1" 500 30 0.0008
>> Writing PID to thin.4567.pid
>> Changing process privilege to eastmad:eastmad
>> Thin web server (v1.2.7 codename No Hup)
>> Maximum connections set to 1024
>> Listening on 127.0.0.1:4567, CTRL+C to stop
127.0.0.1 - - [13/Aug/2011 22:18:50] "GET /developers/david.eastman HTTP/1.1" 200 34311 0.0023
Errno::ENOENT - No such file or directory - /home/eastmad/swissarmyknife/four/userdata/user_objectlab-statcvs.css@company.com.html:
 /home/eastmad/swissarmyknife/four/svnstats.rb:17:in `read'
 /home/eastmad/swissarmyknife/four/svnstats.rb:17:in `block in <top (required)>'
 /home/eastmad/.rvm/gems/ruby-1.9.2-p180/gems/sinatra-1.2.6/lib/sinatra/base.rb:1152:in `call'
 /home/eastmad/.rvm/gems/ruby-1.9.2-p180/gems/sinatra-1.2.6/lib/sinatra/base.rb:1152:in `block in compile!'
 /home/eastmad/.rvm/gems/ruby-1.9.2-p180/gems/sinatra-1.2.6/lib/sinatra/base.rb:724:in `instance_eval'
 /home/eastmad/.rvm/gems/ruby-1.9.2-p180/gems/sinatra-1.2.6/lib/sinatra/base.rb:724:in `route_eval'
 /home/eastmad/.rvm/gems/ruby-1.9.2-p180/gems/sinatra-1.2.6/lib/sinatra/base.rb:708:in `block (2 levels) in route!'
 /home/eastmad/.rvm/gems/ruby-1.9.2-p180/gems/sinatra-1.2.6/lib/sinatra/base.rb:758:in `block in process_route'
 /home/eastmad/.rvm/gems/ruby-1.9.2-p180/gems/sinatra-1.2.6/lib/sinatra/base.rb:755:in `catch'
 /home/eastmad/.rvm/gems/ruby-1.9.2-p180/gems/sinatra-1.2.6/lib/sinatra/base.rb:755:in `process_route'
 /home/eastmad/.rvm/gems/ruby-1.9.2-p180/gems/sinatra-1.2.6/lib/sinatra/base.rb:707:in `block in route!'
 /home/eastmad/.rvm/gems/ruby-1.9.2-p180/gems/sinatra-1.2.6/lib/sinatra/base.rb:706:in `each'
 /home/eastmad/.rvm/gems/ruby-1.9.2-p180/gems/sinatra-1.2.6/lib/sinatra/base.rb:706:in `route!'
 /home/eastmad/.rvm/gems/ruby-1.9.2-p180/gems/sinatra-1.2.6/lib/sinatra/base.rb:843:in `dispatch!'
 /home/eastmad/.rvm/gems/ruby-1.9.2-p180/gems/sinatra-1.2.6/lib/sinatra/base.rb:644:in `block in call!'
 /home/eastmad/.rvm/gems/ruby-1.9.2-p180/gems/sinatra-1.2.6/lib/sinatra/base.rb:808:in `instance_eval'
 /home/eastmad/.rvm/gems/ruby-1.9.2-p180/gems/sinatra-1.2.6/lib/sinatra/base.rb:808:in `block in invoke'
 /home/eastmad/.rvm/gems/ruby-1.9.2-p180/gems/sinatra-1.2.6/lib/sinatra/base.rb:808:in `catch'
 /home/eastmad/.rvm/gems/ruby-1.9.2-p180/gems/sinatra-1.2.6/lib/sinatra/base.rb:808:in `invoke'
 /home/eastmad/.rvm/gems/ruby-1.9.2-p180/gems/sinatra-1.2.6/lib/sinatra/base.rb:644:in `call!'
 /home/eastmad/.rvm/gems/ruby-1.9.2-p180/gems/sinatra-1.2.6/lib/sinatra/base.rb:629:in `call'
 /home/eastmad/.rvm/gems/ruby-1.9.2-p180/gems/rack-1.2.1/lib/rack/head.rb:9:in `call'
 /home/eastmad/.rvm/gems/ruby-1.9.2-p180/gems/rack-1.2.1/lib/rack/commonlogger.rb:18:in `call'
 /home/eastmad/.rvm/gems/ruby-1.9.2-p180/gems/rack-1.2.1/lib/rack/methodoverride.rb:24:in `call'
 /home/eastmad/.rvm/gems/ruby-1.9.2-p180/gems/sinatra-1.2.6/lib/sinatra/base.rb:1272:in `block in call'
 /home/eastmad/.rvm/gems/ruby-1.9.2-p180/gems/sinatra-1.2.6/lib/sinatra/base.rb:1303:in `synchronize'
 /home/eastmad/.rvm/gems/ruby-1.9.2-p180/gems/sinatra-1.2.6/lib/sinatra/base.rb:1272:in `call'
 /home/eastmad/.rvm/gems/ruby-1.9.2-p180/gems/thin-1.2.7/lib/thin/connection.rb:76:in `block in pre_process'
 /home/eastmad/.rvm/gems/ruby-1.9.2-p180/gems/thin-1.2.7/lib/thin/connection.rb:74:in `catch'
 /home/eastmad/.rvm/gems/ruby-1.9.2-p180/gems/thin-1.2.7/lib/thin/connection.rb:74:in `pre_process'
 /home/eastmad/.rvm/gems/ruby-1.9.2-p180/gems/thin-1.2.7/lib/thin/connection.rb:57:in `process'
 /home/eastmad/.rvm/gems/ruby-1.9.2-p180/gems/thin-1.2.7/lib/thin/connection.rb:42:in `receive_data'
 /home/eastmad/.rvm/gems/ruby-1.9.2-p180/gems/eventmachine-0.12.10/lib/eventmachine.rb:256:in `run_machine'
 /home/eastmad/.rvm/gems/ruby-1.9.2-p180/gems/eventmachine-0.12.10/lib/eventmachine.rb:256:in `run'
 /home/eastmad/.rvm/gems/ruby-1.9.2-p180/gems/thin-1.2.7/lib/thin/backends/base.rb:57:in `start'
 /home/eastmad/.rvm/gems/ruby-1.9.2-p180/gems/thin-1.2.7/lib/thin/server.rb:156:in `start'
 /home/eastmad/.rvm/gems/ruby-1.9.2-p180/gems/thin-1.2.7/lib/thin/controllers/controller.rb:80:in `start'
 /home/eastmad/.rvm/gems/ruby-1.9.2-p180/gems/thin-1.2.7/lib/thin/runner.rb:177:in `run_command'
 /home/eastmad/.rvm/gems/ruby-1.9.2-p180/gems/thin-1.2.7/lib/thin/runner.rb:143:in `run!'
 /home/eastmad/.rvm/gems/ruby-1.9.2-p180/gems/thin-1.2.7/bin/thin:6:in `<top (required)>'
 /home/eastmad/.rvm/gems/ruby-1.9.2-p180/bin/thin:19:in `load'
 /home/eastmad/.rvm/gems/ruby-1.9.2-p180/bin/thin:19:in `<main>'
127.0.0.1 - - [13/Aug/2011 22:18:50] "GET /developers/objectlab-statcvs.css HTTP/1.1" 500 30 0.0007
Errno::ENOENT - No such file or directory - /home/eastmad/swissarmyknife/four/userdata/user_activity_time_david.eastman@company.com.png@company.com.html:
 /home/eastmad/swissarmyknife/four/svnstats.rb:17:in `read'
 /home/eastmad/swissarmyknife/four/svnstats.rb:17:in `block in <top (required)>'
 /home/eastmad/.rvm/gems/ruby-1.9.2-p180/gems/sinatra-1.2.6/lib/sinatra/base.rb:1152:in `call'
 /home/eastmad/.rvm/gems/ruby-1.9.2-p180/gems/sinatra-1.2.6/lib/sinatra/base.rb:1152:in `block in compile!'
 /home/eastmad/.rvm/gems/ruby-1.9.2-p180/gems/sinatra-1.2.6/lib/sinatra/base.rb:724:in `instance_eval'
 /home/eastmad/.rvm/gems/ruby-1.9.2-p180/gems/sinatra-1.2.6/lib/sinatra/base.rb:724:in `route_eval'
 /home/eastmad/.rvm/gems/ruby-1.9.2-p180/gems/sinatra-1.2.6/lib/sinatra/base.rb:708:in `block (2 levels) in route!'
 /home/eastmad/.rvm/gems/ruby-1.9.2-p180/gems/sinatra-1.2.6/lib/sinatra/base.rb:758:in `block in process_route'
 /home/eastmad/.rvm/gems/ruby-1.9.2-p180/gems/sinatra-1.2.6/lib/sinatra/base.rb:755:in `catch'
 /home/eastmad/.rvm/gems/ruby-1.9.2-p180/gems/sinatra-1.2.6/lib/sinatra/base.rb:755:in `process_route'
 /home/eastmad/.rvm/gems/ruby-1.9.2-p180/gems/sinatra-1.2.6/lib/sinatra/base.rb:707:in `block in route!'
 /home/eastmad/.rvm/gems/ruby-1.9.2-p180/gems/sinatra-1.2.6/lib/sinatra/base.rb:706:in `each'
 /home/eastmad/.rvm/gems/ruby-1.9.2-p180/gems/sinatra-1.2.6/lib/sinatra/base.rb:706:in `route!'
 /home/eastmad/.rvm/gems/ruby-1.9.2-p180/gems/sinatra-1.2.6/lib/sinatra/base.rb:843:in `dispatch!'
 /home/eastmad/.rvm/gems/ruby-1.9.2-p180/gems/sinatra-1.2.6/lib/sinatra/base.rb:644:in `block in call!'
 /home/eastmad/.rvm/gems/ruby-1.9.2-p180/gems/sinatra-1.2.6/lib/sinatra/base.rb:808:in `instance_eval'
 /home/eastmad/.rvm/gems/ruby-1.9.2-p180/gems/sinatra-1.2.6/lib/sinatra/base.rb:808:in `block in invoke'
 /home/eastmad/.rvm/gems/ruby-1.9.2-p180/gems/sinatra-1.2.6/lib/sinatra/base.rb:808:in `catch'
 /home/eastmad/.rvm/gems/ruby-1.9.2-p180/gems/sinatra-1.2.6/lib/sinatra/base.rb:808:in `invoke'
 /home/eastmad/.rvm/gems/ruby-1.9.2-p180/gems/sinatra-1.2.6/lib/sinatra/base.rb:644:in `call!'
 /home/eastmad/.rvm/gems/ruby-1.9.2-p180/gems/sinatra-1.2.6/lib/sinatra/base.rb:629:in `call'
 /home/eastmad/.rvm/gems/ruby-1.9.2-p180/gems/rack-1.2.1/lib/rack/head.rb:9:in `call'
 /home/eastmad/.rvm/gems/ruby-1.9.2-p180/gems/rack-1.2.1/lib/rack/commonlogger.rb:18:in `call'
 /home/eastmad/.rvm/gems/ruby-1.9.2-p180/gems/rack-1.2.1/lib/rack/methodoverride.rb:24:in `call'
 /home/eastmad/.rvm/gems/ruby-1.9.2-p180/gems/sinatra-1.2.6/lib/sinatra/base.rb:1272:in `block in call'
 /home/eastmad/.rvm/gems/ruby-1.9.2-p180/gems/sinatra-1.2.6/lib/sinatra/base.rb:1303:in `synchronize'
 /home/eastmad/.rvm/gems/ruby-1.9.2-p180/gems/sinatra-1.2.6/lib/sinatra/base.rb:1272:in `call'
 /home/eastmad/.rvm/gems/ruby-1.9.2-p180/gems/thin-1.2.7/lib/thin/connection.rb:76:in `block in pre_process'
 /home/eastmad/.rvm/gems/ruby-1.9.2-p180/gems/thin-1.2.7/lib/thin/connection.rb:74:in `catch'
 /home/eastmad/.rvm/gems/ruby-1.9.2-p180/gems/thin-1.2.7/lib/thin/connection.rb:74:in `pre_process'
 /home/eastmad/.rvm/gems/ruby-1.9.2-p180/gems/thin-1.2.7/lib/thin/connection.rb:57:in `process'
 /home/eastmad/.rvm/gems/ruby-1.9.2-p180/gems/thin-1.2.7/lib/thin/connection.rb:42:in `receive_data'
 /home/eastmad/.rvm/gems/ruby-1.9.2-p180/gems/eventmachine-0.12.10/lib/eventmachine.rb:256:in `run_machine'
 /home/eastmad/.rvm/gems/ruby-1.9.2-p180/gems/eventmachine-0.12.10/lib/eventmachine.rb:256:in `run'
 /home/eastmad/.rvm/gems/ruby-1.9.2-p180/gems/thin-1.2.7/lib/thin/backends/base.rb:57:in `start'
 /home/eastmad/.rvm/gems/ruby-1.9.2-p180/gems/thin-1.2.7/lib/thin/server.rb:156:in `start'
 /home/eastmad/.rvm/gems/ruby-1.9.2-p180/gems/thin-1.2.7/lib/thin/controllers/controller.rb:80:in `start'
 /home/eastmad/.rvm/gems/ruby-1.9.2-p180/gems/thin-1.2.7/lib/thin/runner.rb:177:in `run_command'
 /home/eastmad/.rvm/gems/ruby-1.9.2-p180/gems/thin-1.2.7/lib/thin/runner.rb:143:in `run!'
 /home/eastmad/.rvm/gems/ruby-1.9.2-p180/gems/thin-1.2.7/bin/thin:6:in `<top (required)>'
 /home/eastmad/.rvm/gems/ruby-1.9.2-p180/bin/thin:19:in `load'
 /home/eastmad/.rvm/gems/ruby-1.9.2-p180/bin/thin:19:in `<main>'
127.0.0.1 - - [13/Aug/2011 22:18:50] "GET /developers/activity_time_david.eastman@company.com.png HTTP/1.1" 500 30 0.0004
Errno::ENOENT - No such file or directory - /home/eastmad/swissarmyknife/four/userdata/user_activity_day_david.eastman@company.com.png@company.com.html:
 /home/eastmad/swissarmyknife/four/svnstats.rb:17:in `read'
 /home/eastmad/swissarmyknife/four/svnstats.rb:17:in `block in <top (required)>'
 /home/eastmad/.rvm/gems/ruby-1.9.2-p180/gems/sinatra-1.2.6/lib/sinatra/base.rb:1152:in `call'
 /home/eastmad/.rvm/gems/ruby-1.9.2-p180/gems/sinatra-1.2.6/lib/sinatra/base.rb:1152:in `block in compile!'
 /home/eastmad/.rvm/gems/ruby-1.9.2-p180/gems/sinatra-1.2.6/lib/sinatra/base.rb:724:in `instance_eval'
 /home/eastmad/.rvm/gems/ruby-1.9.2-p180/gems/sinatra-1.2.6/lib/sinatra/base.rb:724:in `route_eval'
 /home/eastmad/.rvm/gems/ruby-1.9.2-p180/gems/sinatra-1.2.6/lib/sinatra/base.rb:708:in `block (2 levels) in route!'
 /home/eastmad/.rvm/gems/ruby-1.9.2-p180/gems/sinatra-1.2.6/lib/sinatra/base.rb:758:in `block in process_route'
 /home/eastmad/.rvm/gems/ruby-1.9.2-p180/gems/sinatra-1.2.6/lib/sinatra/base.rb:755:in `catch'
 /home/eastmad/.rvm/gems/ruby-1.9.2-p180/gems/sinatra-1.2.6/lib/sinatra/base.rb:755:in `process_route'
 /home/eastmad/.rvm/gems/ruby-1.9.2-p180/gems/sinatra-1.2.6/lib/sinatra/base.rb:707:in `block in route!'
 /home/eastmad/.rvm/gems/ruby-1.9.2-p180/gems/sinatra-1.2.6/lib/sinatra/base.rb:706:in `each'
 /home/eastmad/.rvm/gems/ruby-1.9.2-p180/gems/sinatra-1.2.6/lib/sinatra/base.rb:706:in `route!'
 /home/eastmad/.rvm/gems/ruby-1.9.2-p180/gems/sinatra-1.2.6/lib/sinatra/base.rb:843:in `dispatch!'
 /home/eastmad/.rvm/gems/ruby-1.9.2-p180/gems/sinatra-1.2.6/lib/sinatra/base.rb:644:in `block in call!'
 /home/eastmad/.rvm/gems/ruby-1.9.2-p180/gems/sinatra-1.2.6/lib/sinatra/base.rb:808:in `instance_eval'
 /home/eastmad/.rvm/gems/ruby-1.9.2-p180/gems/sinatra-1.2.6/lib/sinatra/base.rb:808:in `block in invoke'
 /home/eastmad/.rvm/gems/ruby-1.9.2-p180/gems/sinatra-1.2.6/lib/sinatra/base.rb:808:in `catch'
 /home/eastmad/.rvm/gems/ruby-1.9.2-p180/gems/sinatra-1.2.6/lib/sinatra/base.rb:808:in `invoke'
 /home/eastmad/.rvm/gems/ruby-1.9.2-p180/gems/sinatra-1.2.6/lib/sinatra/base.rb:644:in `call!'
 /home/eastmad/.rvm/gems/ruby-1.9.2-p180/gems/sinatra-1.2.6/lib/sinatra/base.rb:629:in `call'
 /home/eastmad/.rvm/gems/ruby-1.9.2-p180/gems/rack-1.2.1/lib/rack/head.rb:9:in `call'
 /home/eastmad/.rvm/gems/ruby-1.9.2-p180/gems/rack-1.2.1/lib/rack/commonlogger.rb:18:in `call'
 /home/eastmad/.rvm/gems/ruby-1.9.2-p180/gems/rack-1.2.1/lib/rack/methodoverride.rb:24:in `call'
 /home/eastmad/.rvm/gems/ruby-1.9.2-p180/gems/sinatra-1.2.6/lib/sinatra/base.rb:1272:in `block in call'
 /home/eastmad/.rvm/gems/ruby-1.9.2-p180/gems/sinatra-1.2.6/lib/sinatra/base.rb:1303:in `synchronize'
 /home/eastmad/.rvm/gems/ruby-1.9.2-p180/gems/sinatra-1.2.6/lib/sinatra/base.rb:1272:in `call'
 /home/eastmad/.rvm/gems/ruby-1.9.2-p180/gems/thin-1.2.7/lib/thin/connection.rb:76:in `block in pre_process'
 /home/eastmad/.rvm/gems/ruby-1.9.2-p180/gems/thin-1.2.7/lib/thin/connection.rb:74:in `catch'
 /home/eastmad/.rvm/gems/ruby-1.9.2-p180/gems/thin-1.2.7/lib/thin/connection.rb:74:in `pre_process'
 /home/eastmad/.rvm/gems/ruby-1.9.2-p180/gems/thin-1.2.7/lib/thin/connection.rb:57:in `process'
 /home/eastmad/.rvm/gems/ruby-1.9.2-p180/gems/thin-1.2.7/lib/thin/connection.rb:42:in `receive_data'
 /home/eastmad/.rvm/gems/ruby-1.9.2-p180/gems/eventmachine-0.12.10/lib/eventmachine.rb:256:in `run_machine'
 /home/eastmad/.rvm/gems/ruby-1.9.2-p180/gems/eventmachine-0.12.10/lib/eventmachine.rb:256:in `run'
 /home/eastmad/.rvm/gems/ruby-1.9.2-p180/gems/thin-1.2.7/lib/thin/backends/base.rb:57:in `start'
 /home/eastmad/.rvm/gems/ruby-1.9.2-p180/gems/thin-1.2.7/lib/thin/server.rb:156:in `start'
 /home/eastmad/.rvm/gems/ruby-1.9.2-p180/gems/thin-1.2.7/lib/thin/controllers/controller.rb:80:in `start'
 /home/eastmad/.rvm/gems/ruby-1.9.2-p180/gems/thin-1.2.7/lib/thin/runner.rb:177:in `run_command'
 /home/eastmad/.rvm/gems/ruby-1.9.2-p180/gems/thin-1.2.7/lib/thin/runner.rb:143:in `run!'
 /home/eastmad/.rvm/gems/ruby-1.9.2-p180/gems/thin-1.2.7/bin/thin:6:in `<top (required)>'
 /home/eastmad/.rvm/gems/ruby-1.9.2-p180/bin/thin:19:in `load'
 /home/eastmad/.rvm/gems/ruby-1.9.2-p180/bin/thin:19:in `<main>'
127.0.0.1 - - [13/Aug/2011 22:18:50] "GET /developers/activity_day_david.eastman@company.com.png HTTP/1.1" 500 30 0.0004
Errno::ENOENT - No such file or directory - /home/eastmad/swissarmyknife/four/userdata/user_directory_sizes_david.eastman@company.com.png@company.com.html:
 /home/eastmad/swissarmyknife/four/svnstats.rb:17:in `read'
 /home/eastmad/swissarmyknife/four/svnstats.rb:17:in `block in <top (required)>'
 /home/eastmad/.rvm/gems/ruby-1.9.2-p180/gems/sinatra-1.2.6/lib/sinatra/base.rb:1152:in `call'
 /home/eastmad/.rvm/gems/ruby-1.9.2-p180/gems/sinatra-1.2.6/lib/sinatra/base.rb:1152:in `block in compile!'
 /home/eastmad/.rvm/gems/ruby-1.9.2-p180/gems/sinatra-1.2.6/lib/sinatra/base.rb:724:in `instance_eval'
 /home/eastmad/.rvm/gems/ruby-1.9.2-p180/gems/sinatra-1.2.6/lib/sinatra/base.rb:724:in `route_eval'
 /home/eastmad/.rvm/gems/ruby-1.9.2-p180/gems/sinatra-1.2.6/lib/sinatra/base.rb:708:in `block (2 levels) in route!'
 /home/eastmad/.rvm/gems/ruby-1.9.2-p180/gems/sinatra-1.2.6/lib/sinatra/base.rb:758:in `block in process_route'
 /home/eastmad/.rvm/gems/ruby-1.9.2-p180/gems/sinatra-1.2.6/lib/sinatra/base.rb:755:in `catch'
 /home/eastmad/.rvm/gems/ruby-1.9.2-p180/gems/sinatra-1.2.6/lib/sinatra/base.rb:755:in `process_route'
 /home/eastmad/.rvm/gems/ruby-1.9.2-p180/gems/sinatra-1.2.6/lib/sinatra/base.rb:707:in `block in route!'
 /home/eastmad/.rvm/gems/ruby-1.9.2-p180/gems/sinatra-1.2.6/lib/sinatra/base.rb:706:in `each'
 /home/eastmad/.rvm/gems/ruby-1.9.2-p180/gems/sinatra-1.2.6/lib/sinatra/base.rb:706:in `route!'
 /home/eastmad/.rvm/gems/ruby-1.9.2-p180/gems/sinatra-1.2.6/lib/sinatra/base.rb:843:in `dispatch!'
 /home/eastmad/.rvm/gems/ruby-1.9.2-p180/gems/sinatra-1.2.6/lib/sinatra/base.rb:644:in `block in call!'
 /home/eastmad/.rvm/gems/ruby-1.9.2-p180/gems/sinatra-1.2.6/lib/sinatra/base.rb:808:in `instance_eval'
 /home/eastmad/.rvm/gems/ruby-1.9.2-p180/gems/sinatra-1.2.6/lib/sinatra/base.rb:808:in `block in invoke'
 /home/eastmad/.rvm/gems/ruby-1.9.2-p180/gems/sinatra-1.2.6/lib/sinatra/base.rb:808:in `catch'
 /home/eastmad/.rvm/gems/ruby-1.9.2-p180/gems/sinatra-1.2.6/lib/sinatra/base.rb:808:in `invoke'
 /home/eastmad/.rvm/gems/ruby-1.9.2-p180/gems/sinatra-1.2.6/lib/sinatra/base.rb:644:in `call!'
 /home/eastmad/.rvm/gems/ruby-1.9.2-p180/gems/sinatra-1.2.6/lib/sinatra/base.rb:629:in `call'
 /home/eastmad/.rvm/gems/ruby-1.9.2-p180/gems/rack-1.2.1/lib/rack/head.rb:9:in `call'
 /home/eastmad/.rvm/gems/ruby-1.9.2-p180/gems/rack-1.2.1/lib/rack/commonlogger.rb:18:in `call'
 /home/eastmad/.rvm/gems/ruby-1.9.2-p180/gems/rack-1.2.1/lib/rack/methodoverride.rb:24:in `call'
 /home/eastmad/.rvm/gems/ruby-1.9.2-p180/gems/sinatra-1.2.6/lib/sinatra/base.rb:1272:in `block in call'
 /home/eastmad/.rvm/gems/ruby-1.9.2-p180/gems/sinatra-1.2.6/lib/sinatra/base.rb:1303:in `synchronize'
 /home/eastmad/.rvm/gems/ruby-1.9.2-p180/gems/sinatra-1.2.6/lib/sinatra/base.rb:1272:in `call'
 /home/eastmad/.rvm/gems/ruby-1.9.2-p180/gems/thin-1.2.7/lib/thin/connection.rb:76:in `block in pre_process'
 /home/eastmad/.rvm/gems/ruby-1.9.2-p180/gems/thin-1.2.7/lib/thin/connection.rb:74:in `catch'
 /home/eastmad/.rvm/gems/ruby-1.9.2-p180/gems/thin-1.2.7/lib/thin/connection.rb:74:in `pre_process'
 /home/eastmad/.rvm/gems/ruby-1.9.2-p180/gems/thin-1.2.7/lib/thin/connection.rb:57:in `process'
 /home/eastmad/.rvm/gems/ruby-1.9.2-p180/gems/thin-1.2.7/lib/thin/connection.rb:42:in `receive_data'
 /home/eastmad/.rvm/gems/ruby-1.9.2-p180/gems/eventmachine-0.12.10/lib/eventmachine.rb:256:in `run_machine'
 /home/eastmad/.rvm/gems/ruby-1.9.2-p180/gems/eventmachine-0.12.10/lib/eventmachine.rb:256:in `run'
 /home/eastmad/.rvm/gems/ruby-1.9.2-p180/gems/thin-1.2.7/lib/thin/backends/base.rb:57:in `start'
 /home/eastmad/.rvm/gems/ruby-1.9.2-p180/gems/thin-1.2.7/lib/thin/server.rb:156:in `start'
 /home/eastmad/.rvm/gems/ruby-1.9.2-p180/gems/thin-1.2.7/lib/thin/controllers/controller.rb:80:in `start'
 /home/eastmad/.rvm/gems/ruby-1.9.2-p180/gems/thin-1.2.7/lib/thin/runner.rb:177:in `run_command'
 /home/eastmad/.rvm/gems/ruby-1.9.2-p180/gems/thin-1.2.7/lib/thin/runner.rb:143:in `run!'
 /home/eastmad/.rvm/gems/ruby-1.9.2-p180/gems/thin-1.2.7/bin/thin:6:in `<top (required)>'
 /home/eastmad/.rvm/gems/ruby-1.9.2-p180/bin/thin:19:in `load'
 /home/eastmad/.rvm/gems/ruby-1.9.2-p180/bin/thin:19:in `<main>'
127.0.0.1 - - [13/Aug/2011 22:18:50] "GET /developers/directory_sizes_david.eastman@company.com.png HTTP/1.1" 500 30 0.0006
